<?xml version="1.0" encoding="UTF-8"?>
<testng-results ignored="0" total="84" passed="25" failed="59" skipped="0">
  <reporter-output>
  </reporter-output>
  <suite started-at="2023-03-17T10:08:36 EDT" name="Suite1" finished-at="2023-03-17T10:09:36 EDT" duration-ms="60197">
    <groups>
      <group name="cucumber">
        <method signature="AbstractTestNGCucumberTests.runScenario(io.cucumber.testng.PickleWrapper,io.cucumber.testng.FeatureWrapper)[pri:0, instance:com.numpy.Runner.StepDefinitionRunner@1e16c0aa]" name="runScenario" class="io.cucumber.testng.AbstractTestNGCucumberTests"/>
        <method signature="AbstractTestNGCucumberTests.runScenario(io.cucumber.testng.PickleWrapper,io.cucumber.testng.FeatureWrapper)[pri:0, instance:com.numpy.Runner.StepDefinitionRunner@7ac296f6]" name="runScenario" class="io.cucumber.testng.AbstractTestNGCucumberTests"/>
      </group> <!-- cucumber -->
    </groups>
    <test started-at="2023-03-17T10:08:36 EDT" name="Chrome Test" finished-at="2023-03-17T10:09:33 EDT" duration-ms="56891">
      <class name="com.numpy.Runner.StepDefinitionRunner">
        <test-method is-config="true" signature="loadBrowser(java.lang.String)[pri:0, instance:com.numpy.Runner.StepDefinitionRunner@1e16c0aa]" started-at="2023-03-17T10:08:36 EDT" name="loadBrowser" finished-at="2023-03-17T10:08:38 EDT" duration-ms="1905" status="PASS">
          <params>
            <param index="0">
              <value>
                <![CDATA[chrome]]>
              </value>
            </param>
          </params>
          <reporter-output>
          </reporter-output>
        </test-method> <!-- loadBrowser -->
        <test-method is-config="true" signature="setUpClass(org.testng.ITestContext)[pri:0, instance:com.numpy.Runner.StepDefinitionRunner@1e16c0aa]" started-at="2023-03-17T10:08:38 EDT" name="setUpClass" finished-at="2023-03-17T10:08:38 EDT" duration-ms="538" status="PASS">
          <params>
            <param index="0">
              <value>
                <![CDATA[org.testng.TestRunner@76e2a621]]>
              </value>
            </param>
          </params>
          <reporter-output>
          </reporter-output>
        </test-method> <!-- setUpClass -->
        <test-method signature="runScenario(io.cucumber.testng.PickleWrapper,io.cucumber.testng.FeatureWrapper)[pri:0, instance:com.numpy.Runner.StepDefinitionRunner@1e16c0aa]" started-at="2023-03-17T10:08:38 EDT" name="runScenario" description="Runs Cucumber Scenarios" data-provider="scenarios" finished-at="2023-03-17T10:08:40 EDT" duration-ms="2145" status="PASS">
          <params>
            <param index="0">
              <value>
                <![CDATA["User launch dsalgo application and test Home page"]]>
              </value>
            </param>
            <param index="1">
              <value>
                <![CDATA["GetStarted"]]>
              </value>
            </param>
          </params>
          <reporter-output>
          </reporter-output>
        </test-method> <!-- runScenario -->
        <test-method signature="runScenario(io.cucumber.testng.PickleWrapper,io.cucumber.testng.FeatureWrapper)[pri:0, instance:com.numpy.Runner.StepDefinitionRunner@1e16c0aa]" started-at="2023-03-17T10:08:41 EDT" name="runScenario" description="Runs Cucumber Scenarios" data-provider="scenarios" finished-at="2023-03-17T10:08:41 EDT" duration-ms="826" status="PASS">
          <params>
            <param index="0">
              <value>
                <![CDATA["User is on Home page and click getstarted link "Datastructures" on home page without sign in"]]>
              </value>
            </param>
            <param index="1">
              <value>
                <![CDATA["Test HomePage"]]>
              </value>
            </param>
          </params>
          <reporter-output>
          </reporter-output>
        </test-method> <!-- runScenario -->
        <test-method signature="runScenario(io.cucumber.testng.PickleWrapper,io.cucumber.testng.FeatureWrapper)[pri:0, instance:com.numpy.Runner.StepDefinitionRunner@1e16c0aa]" started-at="2023-03-17T10:08:41 EDT" name="runScenario" description="Runs Cucumber Scenarios" data-provider="scenarios" finished-at="2023-03-17T10:08:42 EDT" duration-ms="736" status="PASS">
          <params>
            <param index="0">
              <value>
                <![CDATA["User is on Home page and click getstarted link "Arrays" on home page without sign in"]]>
              </value>
            </param>
            <param index="1">
              <value>
                <![CDATA["Test HomePage"]]>
              </value>
            </param>
          </params>
          <reporter-output>
          </reporter-output>
        </test-method> <!-- runScenario -->
        <test-method signature="runScenario(io.cucumber.testng.PickleWrapper,io.cucumber.testng.FeatureWrapper)[pri:0, instance:com.numpy.Runner.StepDefinitionRunner@1e16c0aa]" started-at="2023-03-17T10:08:42 EDT" name="runScenario" description="Runs Cucumber Scenarios" data-provider="scenarios" finished-at="2023-03-17T10:08:43 EDT" duration-ms="907" status="PASS">
          <params>
            <param index="0">
              <value>
                <![CDATA["User is on Home page and click getstarted link "Linkedlist" on home page without sign in"]]>
              </value>
            </param>
            <param index="1">
              <value>
                <![CDATA["Test HomePage"]]>
              </value>
            </param>
          </params>
          <reporter-output>
          </reporter-output>
        </test-method> <!-- runScenario -->
        <test-method signature="runScenario(io.cucumber.testng.PickleWrapper,io.cucumber.testng.FeatureWrapper)[pri:0, instance:com.numpy.Runner.StepDefinitionRunner@1e16c0aa]" started-at="2023-03-17T10:08:43 EDT" name="runScenario" description="Runs Cucumber Scenarios" data-provider="scenarios" finished-at="2023-03-17T10:08:44 EDT" duration-ms="803" status="PASS">
          <params>
            <param index="0">
              <value>
                <![CDATA["User is on Home page and click getstarted link "Stack" on home page without sign in"]]>
              </value>
            </param>
            <param index="1">
              <value>
                <![CDATA["Test HomePage"]]>
              </value>
            </param>
          </params>
          <reporter-output>
          </reporter-output>
        </test-method> <!-- runScenario -->
        <test-method signature="runScenario(io.cucumber.testng.PickleWrapper,io.cucumber.testng.FeatureWrapper)[pri:0, instance:com.numpy.Runner.StepDefinitionRunner@1e16c0aa]" started-at="2023-03-17T10:08:44 EDT" name="runScenario" description="Runs Cucumber Scenarios" data-provider="scenarios" finished-at="2023-03-17T10:08:45 EDT" duration-ms="818" status="PASS">
          <params>
            <param index="0">
              <value>
                <![CDATA["User is on Home page and click getstarted link "Queue" on home page without sign in"]]>
              </value>
            </param>
            <param index="1">
              <value>
                <![CDATA["Test HomePage"]]>
              </value>
            </param>
          </params>
          <reporter-output>
          </reporter-output>
        </test-method> <!-- runScenario -->
        <test-method signature="runScenario(io.cucumber.testng.PickleWrapper,io.cucumber.testng.FeatureWrapper)[pri:0, instance:com.numpy.Runner.StepDefinitionRunner@1e16c0aa]" started-at="2023-03-17T10:08:45 EDT" name="runScenario" description="Runs Cucumber Scenarios" data-provider="scenarios" finished-at="2023-03-17T10:08:45 EDT" duration-ms="608" status="PASS">
          <params>
            <param index="0">
              <value>
                <![CDATA["User is on Home page and click getstarted link "Tree" on home page without sign in"]]>
              </value>
            </param>
            <param index="1">
              <value>
                <![CDATA["Test HomePage"]]>
              </value>
            </param>
          </params>
          <reporter-output>
          </reporter-output>
        </test-method> <!-- runScenario -->
        <test-method signature="runScenario(io.cucumber.testng.PickleWrapper,io.cucumber.testng.FeatureWrapper)[pri:0, instance:com.numpy.Runner.StepDefinitionRunner@1e16c0aa]" started-at="2023-03-17T10:08:45 EDT" name="runScenario" description="Runs Cucumber Scenarios" data-provider="scenarios" finished-at="2023-03-17T10:08:46 EDT" duration-ms="838" status="PASS">
          <params>
            <param index="0">
              <value>
                <![CDATA["User is on Home page and click getstarted link "Graph" on home page without sign in"]]>
              </value>
            </param>
            <param index="1">
              <value>
                <![CDATA["Test HomePage"]]>
              </value>
            </param>
          </params>
          <reporter-output>
          </reporter-output>
        </test-method> <!-- runScenario -->
        <test-method signature="runScenario(io.cucumber.testng.PickleWrapper,io.cucumber.testng.FeatureWrapper)[pri:0, instance:com.numpy.Runner.StepDefinitionRunner@1e16c0aa]" started-at="2023-03-17T10:08:46 EDT" name="runScenario" description="Runs Cucumber Scenarios" data-provider="scenarios" finished-at="2023-03-17T10:08:47 EDT" duration-ms="398" status="PASS">
          <params>
            <param index="0">
              <value>
                <![CDATA["User is on homepage and click Sign in"]]>
              </value>
            </param>
            <param index="1">
              <value>
                <![CDATA["Test HomePage"]]>
              </value>
            </param>
          </params>
          <reporter-output>
          </reporter-output>
        </test-method> <!-- runScenario -->
        <test-method signature="runScenario(io.cucumber.testng.PickleWrapper,io.cucumber.testng.FeatureWrapper)[pri:0, instance:com.numpy.Runner.StepDefinitionRunner@1e16c0aa]" started-at="2023-03-17T10:08:47 EDT" name="runScenario" description="Runs Cucumber Scenarios" data-provider="scenarios" finished-at="2023-03-17T10:08:47 EDT" duration-ms="323" status="PASS">
          <params>
            <param index="0">
              <value>
                <![CDATA["User is on homepage and click Register"]]>
              </value>
            </param>
            <param index="1">
              <value>
                <![CDATA["Test HomePage"]]>
              </value>
            </param>
          </params>
          <reporter-output>
          </reporter-output>
        </test-method> <!-- runScenario -->
        <test-method signature="runScenario(io.cucumber.testng.PickleWrapper,io.cucumber.testng.FeatureWrapper)[pri:0, instance:com.numpy.Runner.StepDefinitionRunner@1e16c0aa]" started-at="2023-03-17T10:08:47 EDT" name="runScenario" description="Runs Cucumber Scenarios" data-provider="scenarios" finished-at="2023-03-17T10:08:47 EDT" duration-ms="518" status="PASS">
          <params>
            <param index="0">
              <value>
                <![CDATA["Verifying Signin link"]]>
              </value>
            </param>
            <param index="1">
              <value>
                <![CDATA["Test HomePage"]]>
              </value>
            </param>
          </params>
          <reporter-output>
          </reporter-output>
        </test-method> <!-- runScenario -->
        <test-method signature="runScenario(io.cucumber.testng.PickleWrapper,io.cucumber.testng.FeatureWrapper)[pri:0, instance:com.numpy.Runner.StepDefinitionRunner@1e16c0aa]" started-at="2023-03-17T10:08:47 EDT" name="runScenario" description="Runs Cucumber Scenarios" data-provider="scenarios" finished-at="2023-03-17T10:08:48 EDT" duration-ms="785" status="PASS">
          <params>
            <param index="0">
              <value>
                <![CDATA["User on Sign in page and sign in with invalid inputs from config.properties"]]>
              </value>
            </param>
            <param index="1">
              <value>
                <![CDATA["Validating Sign in page"]]>
              </value>
            </param>
          </params>
          <reporter-output>
          </reporter-output>
        </test-method> <!-- runScenario -->
        <test-method signature="runScenario(io.cucumber.testng.PickleWrapper,io.cucumber.testng.FeatureWrapper)[pri:0, instance:com.numpy.Runner.StepDefinitionRunner@1e16c0aa]" started-at="2023-03-17T10:08:48 EDT" name="runScenario" description="Runs Cucumber Scenarios" data-provider="scenarios" finished-at="2023-03-17T10:08:49 EDT" duration-ms="1240" status="PASS">
          <params>
            <param index="0">
              <value>
                <![CDATA["User on Sign in page and sign in with valid inputs from config.properties"]]>
              </value>
            </param>
            <param index="1">
              <value>
                <![CDATA["Validating Sign in page"]]>
              </value>
            </param>
          </params>
          <reporter-output>
          </reporter-output>
        </test-method> <!-- runScenario -->
        <test-method signature="runScenario(io.cucumber.testng.PickleWrapper,io.cucumber.testng.FeatureWrapper)[pri:0, instance:com.numpy.Runner.StepDefinitionRunner@1e16c0aa]" started-at="2023-03-17T10:08:49 EDT" name="runScenario" description="Runs Cucumber Scenarios" data-provider="scenarios" finished-at="2023-03-17T10:08:50 EDT" duration-ms="798" status="PASS">
          <params>
            <param index="0">
              <value>
                <![CDATA["Verifying Signout link"]]>
              </value>
            </param>
            <param index="1">
              <value>
                <![CDATA["Validating Sign in page"]]>
              </value>
            </param>
          </params>
          <reporter-output>
          </reporter-output>
        </test-method> <!-- runScenario -->
        <test-method signature="runScenario(io.cucumber.testng.PickleWrapper,io.cucumber.testng.FeatureWrapper)[pri:0, instance:com.numpy.Runner.StepDefinitionRunner@1e16c0aa]" started-at="2023-03-17T10:08:50 EDT" name="runScenario" description="Runs Cucumber Scenarios" data-provider="scenarios" finished-at="2023-03-17T10:08:52 EDT" duration-ms="2049" status="PASS">
          <params>
            <param index="0">
              <value>
                <![CDATA["The user is able to navigate to Data Structure introduction page"]]>
              </value>
            </param>
            <param index="1">
              <value>
                <![CDATA["User launch dsalgo application and test Data Structure introduction page"]]>
              </value>
            </param>
          </params>
          <reporter-output>
          </reporter-output>
        </test-method> <!-- runScenario -->
        <test-method signature="runScenario(io.cucumber.testng.PickleWrapper,io.cucumber.testng.FeatureWrapper)[pri:0, instance:com.numpy.Runner.StepDefinitionRunner@1e16c0aa]" started-at="2023-03-17T10:08:52 EDT" name="runScenario" description="Runs Cucumber Scenarios" data-provider="scenarios" finished-at="2023-03-17T10:08:53 EDT" duration-ms="1098" status="PASS">
          <params>
            <param index="0">
              <value>
                <![CDATA["The user is able to navigate to Time Complexity page"]]>
              </value>
            </param>
            <param index="1">
              <value>
                <![CDATA["User launch dsalgo application and test Data Structure introduction page"]]>
              </value>
            </param>
          </params>
          <reporter-output>
          </reporter-output>
        </test-method> <!-- runScenario -->
        <test-method signature="runScenario(io.cucumber.testng.PickleWrapper,io.cucumber.testng.FeatureWrapper)[pri:0, instance:com.numpy.Runner.StepDefinitionRunner@1e16c0aa]" started-at="2023-03-17T10:08:53 EDT" name="runScenario" description="Runs Cucumber Scenarios" data-provider="scenarios" finished-at="2023-03-17T10:08:55 EDT" duration-ms="2034" status="PASS">
          <params>
            <param index="0">
              <value>
                <![CDATA["The user is able to navigate to a page having an tryEditor from Time Complexity page"]]>
              </value>
            </param>
            <param index="1">
              <value>
                <![CDATA["User launch dsalgo application and test Data Structure introduction page"]]>
              </value>
            </param>
          </params>
          <reporter-output>
          </reporter-output>
        </test-method> <!-- runScenario -->
        <test-method signature="runScenario(io.cucumber.testng.PickleWrapper,io.cucumber.testng.FeatureWrapper)[pri:0, instance:com.numpy.Runner.StepDefinitionRunner@1e16c0aa]" started-at="2023-03-17T10:08:55 EDT" name="runScenario" description="Runs Cucumber Scenarios" data-provider="scenarios" finished-at="2023-03-17T10:08:57 EDT" duration-ms="1349" status="PASS">
          <params>
            <param index="0">
              <value>
                <![CDATA["The user is able run validInput code in tryEditor for Time Complexity page"]]>
              </value>
            </param>
            <param index="1">
              <value>
                <![CDATA["User launch dsalgo application and test Data Structure introduction page"]]>
              </value>
            </param>
          </params>
          <reporter-output>
          </reporter-output>
        </test-method> <!-- runScenario -->
        <test-method signature="runScenario(io.cucumber.testng.PickleWrapper,io.cucumber.testng.FeatureWrapper)[pri:0, instance:com.numpy.Runner.StepDefinitionRunner@1e16c0aa]" started-at="2023-03-17T10:08:57 EDT" name="runScenario" description="Runs Cucumber Scenarios" data-provider="scenarios" finished-at="2023-03-17T10:08:58 EDT" duration-ms="1149" status="PASS">
          <params>
            <param index="0">
              <value>
                <![CDATA["The user is able run validInput code in tryEditor for Time Complexity page"]]>
              </value>
            </param>
            <param index="1">
              <value>
                <![CDATA["User launch dsalgo application and test Data Structure introduction page"]]>
              </value>
            </param>
          </params>
          <reporter-output>
          </reporter-output>
        </test-method> <!-- runScenario -->
        <test-method signature="runScenario(io.cucumber.testng.PickleWrapper,io.cucumber.testng.FeatureWrapper)[pri:0, instance:com.numpy.Runner.StepDefinitionRunner@1e16c0aa]" started-at="2023-03-17T10:08:58 EDT" name="runScenario" description="Runs Cucumber Scenarios" data-provider="scenarios" finished-at="2023-03-17T10:08:59 EDT" duration-ms="721" status="PASS">
          <params>
            <param index="0">
              <value>
                <![CDATA["The user is able to navigate to Graph page"]]>
              </value>
            </param>
            <param index="1">
              <value>
                <![CDATA["User launch dsalgo application and test Graph page"]]>
              </value>
            </param>
          </params>
          <reporter-output>
          </reporter-output>
        </test-method> <!-- runScenario -->
        <test-method signature="runScenario(io.cucumber.testng.PickleWrapper,io.cucumber.testng.FeatureWrapper)[pri:0, instance:com.numpy.Runner.StepDefinitionRunner@1e16c0aa]" started-at="2023-03-17T10:08:59 EDT" name="runScenario" description="Runs Cucumber Scenarios" data-provider="scenarios" finished-at="2023-03-17T10:09:00 EDT" duration-ms="921" status="PASS">
          <params>
            <param index="0">
              <value>
                <![CDATA["The user is able to navigate "Graph" links in Graph page"]]>
              </value>
            </param>
            <param index="1">
              <value>
                <![CDATA["User launch dsalgo application and test Graph page"]]>
              </value>
            </param>
          </params>
          <reporter-output>
          </reporter-output>
        </test-method> <!-- runScenario -->
        <test-method signature="runScenario(io.cucumber.testng.PickleWrapper,io.cucumber.testng.FeatureWrapper)[pri:0, instance:com.numpy.Runner.StepDefinitionRunner@1e16c0aa]" started-at="2023-03-17T10:09:00 EDT" name="runScenario" description="Runs Cucumber Scenarios" data-provider="scenarios" finished-at="2023-03-17T10:09:00 EDT" duration-ms="890" status="PASS">
          <params>
            <param index="0">
              <value>
                <![CDATA["The user is able to navigate "Graph Representations" links in Graph page"]]>
              </value>
            </param>
            <param index="1">
              <value>
                <![CDATA["User launch dsalgo application and test Graph page"]]>
              </value>
            </param>
          </params>
          <reporter-output>
          </reporter-output>
        </test-method> <!-- runScenario -->
        <test-method signature="runScenario(io.cucumber.testng.PickleWrapper,io.cucumber.testng.FeatureWrapper)[pri:0, instance:com.numpy.Runner.StepDefinitionRunner@1e16c0aa]" started-at="2023-03-17T10:09:00 EDT" name="runScenario" description="Runs Cucumber Scenarios" data-provider="scenarios" finished-at="2023-03-17T10:09:02 EDT" duration-ms="1730" status="PASS">
          <params>
            <param index="0">
              <value>
                <![CDATA["The user is able to navigate to a page having a tryHere from "Graph" links in Graph page"]]>
              </value>
            </param>
            <param index="1">
              <value>
                <![CDATA["User launch dsalgo application and test Graph page"]]>
              </value>
            </param>
          </params>
          <reporter-output>
          </reporter-output>
        </test-method> <!-- runScenario -->
        <test-method signature="runScenario(io.cucumber.testng.PickleWrapper,io.cucumber.testng.FeatureWrapper)[pri:0, instance:com.numpy.Runner.StepDefinitionRunner@1e16c0aa]" started-at="2023-03-17T10:09:02 EDT" name="runScenario" description="Runs Cucumber Scenarios" data-provider="scenarios" finished-at="2023-03-17T10:09:04 EDT" duration-ms="2010" status="PASS">
          <params>
            <param index="0">
              <value>
                <![CDATA["The user is able to navigate to a page having a tryHere from "Graph Representations" links in Graph page"]]>
              </value>
            </param>
            <param index="1">
              <value>
                <![CDATA["User launch dsalgo application and test Graph page"]]>
              </value>
            </param>
          </params>
          <reporter-output>
          </reporter-output>
        </test-method> <!-- runScenario -->
        <test-method signature="runScenario(io.cucumber.testng.PickleWrapper,io.cucumber.testng.FeatureWrapper)[pri:0, instance:com.numpy.Runner.StepDefinitionRunner@1e16c0aa]" started-at="2023-03-17T10:09:04 EDT" name="runScenario" description="Runs Cucumber Scenarios" data-provider="scenarios" finished-at="2023-03-17T10:09:06 EDT" duration-ms="1480" status="FAIL">
          <params>
            <param index="0">
              <value>
                <![CDATA["The user is able run validInput code in tryEditor for "Graph" in Graph page"]]>
              </value>
            </param>
            <param index="1">
              <value>
                <![CDATA["User launch dsalgo application and test Graph page"]]>
              </value>
            </param>
          </params>
          <exception class="org.openqa.selenium.ElementNotInteractableException">
            <message>
              <![CDATA[element not interactable
  (Session info: chrome=111.0.5563.65)
Build info: version: '4.5.0', revision: 'fe167b119a'
System info: os.name: 'Windows 10', os.arch: 'amd64', os.version: '10.0', java.version: '19.0.2'
Driver info: org.openqa.selenium.chrome.ChromeDriver
Command: [eb312ccda24989d7e7df544be41ca346, sendKeysToElement {id=ae237184-3e44-45f0-84f8-d25c20066a42, value=[Ljava.lang.CharSequence;@a357c3e}]
Capabilities {acceptInsecureCerts: false, browserName: chrome, browserVersion: 111.0.5563.65, chrome: {chromedriverVersion: 111.0.5563.64 (c710e93d5b63..., userDataDir: C:\Users\Nithya\AppData\Loc...}, goog:chromeOptions: {debuggerAddress: localhost:60408}, networkConnectionEnabled: false, pageLoadStrategy: normal, platformName: WINDOWS, proxy: Proxy(), se:cdp: ws://localhost:60408/devtoo..., se:cdpVersion: 111.0.5563.65, setWindowRect: true, strictFileInteractability: false, timeouts: {implicit: 0, pageLoad: 300000, script: 30000}, unhandledPromptBehavior: dismiss and notify, webauthn:extension:credBlob: true, webauthn:extension:largeBlob: true, webauthn:extension:minPinLength: true, webauthn:extension:prf: true, webauthn:virtualAuthenticators: true}
Element: [[ChromeDriver: chrome on WINDOWS (eb312ccda24989d7e7df544be41ca346)] -> xpath: //textarea[@tabindex='0']]
Session ID: eb312ccda24989d7e7df544be41ca346]]>
            </message>
            <full-stacktrace>
              <![CDATA[org.openqa.selenium.ElementNotInteractableException: element not interactable
  (Session info: chrome=111.0.5563.65)
Build info: version: '4.5.0', revision: 'fe167b119a'
System info: os.name: 'Windows 10', os.arch: 'amd64', os.version: '10.0', java.version: '19.0.2'
Driver info: org.openqa.selenium.chrome.ChromeDriver
Command: [eb312ccda24989d7e7df544be41ca346, sendKeysToElement {id=ae237184-3e44-45f0-84f8-d25c20066a42, value=[Ljava.lang.CharSequence;@a357c3e}]
Capabilities {acceptInsecureCerts: false, browserName: chrome, browserVersion: 111.0.5563.65, chrome: {chromedriverVersion: 111.0.5563.64 (c710e93d5b63..., userDataDir: C:\Users\Nithya\AppData\Loc...}, goog:chromeOptions: {debuggerAddress: localhost:60408}, networkConnectionEnabled: false, pageLoadStrategy: normal, platformName: WINDOWS, proxy: Proxy(), se:cdp: ws://localhost:60408/devtoo..., se:cdpVersion: 111.0.5563.65, setWindowRect: true, strictFileInteractability: false, timeouts: {implicit: 0, pageLoad: 300000, script: 30000}, unhandledPromptBehavior: dismiss and notify, webauthn:extension:credBlob: true, webauthn:extension:largeBlob: true, webauthn:extension:minPinLength: true, webauthn:extension:prf: true, webauthn:virtualAuthenticators: true}
Element: [[ChromeDriver: chrome on WINDOWS (eb312ccda24989d7e7df544be41ca346)] -> xpath: //textarea[@tabindex='0']]
Session ID: eb312ccda24989d7e7df544be41ca346
at java.base/jdk.internal.reflect.DirectConstructorHandleAccessor.newInstance(DirectConstructorHandleAccessor.java:67)
at java.base/java.lang.reflect.Constructor.newInstanceWithCaller(Constructor.java:500)
at java.base/java.lang.reflect.Constructor.newInstance(Constructor.java:484)
at org.openqa.selenium.remote.codec.w3c.W3CHttpResponseCodec.createException(W3CHttpResponseCodec.java:200)
at org.openqa.selenium.remote.codec.w3c.W3CHttpResponseCodec.decode(W3CHttpResponseCodec.java:133)
at org.openqa.selenium.remote.codec.w3c.W3CHttpResponseCodec.decode(W3CHttpResponseCodec.java:53)
at org.openqa.selenium.remote.HttpCommandExecutor.execute(HttpCommandExecutor.java:184)
at org.openqa.selenium.remote.service.DriverCommandExecutor.invokeExecute(DriverCommandExecutor.java:167)
at org.openqa.selenium.remote.service.DriverCommandExecutor.execute(DriverCommandExecutor.java:142)
at org.openqa.selenium.remote.RemoteWebDriver.execute(RemoteWebDriver.java:547)
at org.openqa.selenium.remote.RemoteWebElement.execute(RemoteWebElement.java:257)
at org.openqa.selenium.remote.RemoteWebElement.sendKeys(RemoteWebElement.java:113)
at java.base/jdk.internal.reflect.DirectMethodHandleAccessor.invoke(DirectMethodHandleAccessor.java:104)
at java.base/java.lang.reflect.Method.invoke(Method.java:578)
at org.openqa.selenium.support.pagefactory.internal.LocatingElementHandler.invoke(LocatingElementHandler.java:52)
at jdk.proxy2/jdk.proxy2.$Proxy37.sendKeys(Unknown Source)
at com.numpy.PageObjects.TryHereRunPage.setInput(TryHereRunPage.java:34)
at com.numpy.StepDefinitions.SD06_Graph.the_user_enter_python_code_with_syntax_in_try_editor_in_from_config_properties_in_graph_page(SD06_Graph.java:169)
at ?.The user enter python code with "validInput" syntax in tryEditor in "Graph" from config.properties in Graph page(file:///C:/Users/Nithya/eclipse-workspace/DS_Algo_Cucumber/src/test/resources/com/numpy/Runner/UC06_Graph.feature:38)
]]>
            </full-stacktrace>
          </exception> <!-- org.openqa.selenium.ElementNotInteractableException -->
          <reporter-output>
          </reporter-output>
        </test-method> <!-- runScenario -->
        <test-method signature="runScenario(io.cucumber.testng.PickleWrapper,io.cucumber.testng.FeatureWrapper)[pri:0, instance:com.numpy.Runner.StepDefinitionRunner@1e16c0aa]" started-at="2023-03-17T10:09:06 EDT" name="runScenario" description="Runs Cucumber Scenarios" data-provider="scenarios" finished-at="2023-03-17T10:09:07 EDT" duration-ms="1578" status="FAIL">
          <params>
            <param index="0">
              <value>
                <![CDATA["The user is able run validInput code in tryEditor for "Graph Representations" in Graph page"]]>
              </value>
            </param>
            <param index="1">
              <value>
                <![CDATA["User launch dsalgo application and test Graph page"]]>
              </value>
            </param>
          </params>
          <exception class="org.openqa.selenium.ElementNotInteractableException">
            <message>
              <![CDATA[element not interactable
  (Session info: chrome=111.0.5563.65)
Build info: version: '4.5.0', revision: 'fe167b119a'
System info: os.name: 'Windows 10', os.arch: 'amd64', os.version: '10.0', java.version: '19.0.2'
Driver info: org.openqa.selenium.chrome.ChromeDriver
Command: [eb312ccda24989d7e7df544be41ca346, sendKeysToElement {id=7c949ec2-c1c3-45d1-b738-a8619e5cf25f, value=[Ljava.lang.CharSequence;@416b1265}]
Capabilities {acceptInsecureCerts: false, browserName: chrome, browserVersion: 111.0.5563.65, chrome: {chromedriverVersion: 111.0.5563.64 (c710e93d5b63..., userDataDir: C:\Users\Nithya\AppData\Loc...}, goog:chromeOptions: {debuggerAddress: localhost:60408}, networkConnectionEnabled: false, pageLoadStrategy: normal, platformName: WINDOWS, proxy: Proxy(), se:cdp: ws://localhost:60408/devtoo..., se:cdpVersion: 111.0.5563.65, setWindowRect: true, strictFileInteractability: false, timeouts: {implicit: 0, pageLoad: 300000, script: 30000}, unhandledPromptBehavior: dismiss and notify, webauthn:extension:credBlob: true, webauthn:extension:largeBlob: true, webauthn:extension:minPinLength: true, webauthn:extension:prf: true, webauthn:virtualAuthenticators: true}
Element: [[ChromeDriver: chrome on WINDOWS (eb312ccda24989d7e7df544be41ca346)] -> xpath: //textarea[@tabindex='0']]
Session ID: eb312ccda24989d7e7df544be41ca346]]>
            </message>
            <full-stacktrace>
              <![CDATA[org.openqa.selenium.ElementNotInteractableException: element not interactable
  (Session info: chrome=111.0.5563.65)
Build info: version: '4.5.0', revision: 'fe167b119a'
System info: os.name: 'Windows 10', os.arch: 'amd64', os.version: '10.0', java.version: '19.0.2'
Driver info: org.openqa.selenium.chrome.ChromeDriver
Command: [eb312ccda24989d7e7df544be41ca346, sendKeysToElement {id=7c949ec2-c1c3-45d1-b738-a8619e5cf25f, value=[Ljava.lang.CharSequence;@416b1265}]
Capabilities {acceptInsecureCerts: false, browserName: chrome, browserVersion: 111.0.5563.65, chrome: {chromedriverVersion: 111.0.5563.64 (c710e93d5b63..., userDataDir: C:\Users\Nithya\AppData\Loc...}, goog:chromeOptions: {debuggerAddress: localhost:60408}, networkConnectionEnabled: false, pageLoadStrategy: normal, platformName: WINDOWS, proxy: Proxy(), se:cdp: ws://localhost:60408/devtoo..., se:cdpVersion: 111.0.5563.65, setWindowRect: true, strictFileInteractability: false, timeouts: {implicit: 0, pageLoad: 300000, script: 30000}, unhandledPromptBehavior: dismiss and notify, webauthn:extension:credBlob: true, webauthn:extension:largeBlob: true, webauthn:extension:minPinLength: true, webauthn:extension:prf: true, webauthn:virtualAuthenticators: true}
Element: [[ChromeDriver: chrome on WINDOWS (eb312ccda24989d7e7df544be41ca346)] -> xpath: //textarea[@tabindex='0']]
Session ID: eb312ccda24989d7e7df544be41ca346
at java.base/jdk.internal.reflect.DirectConstructorHandleAccessor.newInstance(DirectConstructorHandleAccessor.java:67)
at java.base/java.lang.reflect.Constructor.newInstanceWithCaller(Constructor.java:500)
at java.base/java.lang.reflect.Constructor.newInstance(Constructor.java:484)
at org.openqa.selenium.remote.codec.w3c.W3CHttpResponseCodec.createException(W3CHttpResponseCodec.java:200)
at org.openqa.selenium.remote.codec.w3c.W3CHttpResponseCodec.decode(W3CHttpResponseCodec.java:133)
at org.openqa.selenium.remote.codec.w3c.W3CHttpResponseCodec.decode(W3CHttpResponseCodec.java:53)
at org.openqa.selenium.remote.HttpCommandExecutor.execute(HttpCommandExecutor.java:184)
at org.openqa.selenium.remote.service.DriverCommandExecutor.invokeExecute(DriverCommandExecutor.java:167)
at org.openqa.selenium.remote.service.DriverCommandExecutor.execute(DriverCommandExecutor.java:142)
at org.openqa.selenium.remote.RemoteWebDriver.execute(RemoteWebDriver.java:547)
at org.openqa.selenium.remote.RemoteWebElement.execute(RemoteWebElement.java:257)
at org.openqa.selenium.remote.RemoteWebElement.sendKeys(RemoteWebElement.java:113)
at java.base/jdk.internal.reflect.DirectMethodHandleAccessor.invoke(DirectMethodHandleAccessor.java:104)
at java.base/java.lang.reflect.Method.invoke(Method.java:578)
at org.openqa.selenium.support.pagefactory.internal.LocatingElementHandler.invoke(LocatingElementHandler.java:52)
at jdk.proxy2/jdk.proxy2.$Proxy37.sendKeys(Unknown Source)
at com.numpy.PageObjects.TryHereRunPage.setInput(TryHereRunPage.java:34)
at com.numpy.StepDefinitions.SD06_Graph.the_user_enter_python_code_with_syntax_in_try_editor_in_from_config_properties_in_graph_page(SD06_Graph.java:169)
at ?.The user enter python code with "validInput" syntax in tryEditor in "Graph Representations" from config.properties in Graph page(file:///C:/Users/Nithya/eclipse-workspace/DS_Algo_Cucumber/src/test/resources/com/numpy/Runner/UC06_Graph.feature:38)
]]>
            </full-stacktrace>
          </exception> <!-- org.openqa.selenium.ElementNotInteractableException -->
          <reporter-output>
          </reporter-output>
        </test-method> <!-- runScenario -->
        <test-method signature="runScenario(io.cucumber.testng.PickleWrapper,io.cucumber.testng.FeatureWrapper)[pri:0, instance:com.numpy.Runner.StepDefinitionRunner@1e16c0aa]" started-at="2023-03-17T10:09:07 EDT" name="runScenario" description="Runs Cucumber Scenarios" data-provider="scenarios" finished-at="2023-03-17T10:09:09 EDT" duration-ms="1472" status="FAIL">
          <params>
            <param index="0">
              <value>
                <![CDATA["The user is able run validInput code in tryEditor for "Graph" in Graph page"]]>
              </value>
            </param>
            <param index="1">
              <value>
                <![CDATA["User launch dsalgo application and test Graph page"]]>
              </value>
            </param>
          </params>
          <exception class="org.openqa.selenium.ElementNotInteractableException">
            <message>
              <![CDATA[element not interactable
  (Session info: chrome=111.0.5563.65)
Build info: version: '4.5.0', revision: 'fe167b119a'
System info: os.name: 'Windows 10', os.arch: 'amd64', os.version: '10.0', java.version: '19.0.2'
Driver info: org.openqa.selenium.chrome.ChromeDriver
Command: [eb312ccda24989d7e7df544be41ca346, sendKeysToElement {id=e12e48c4-33be-4d4d-bd87-a9e6610bd2e6, value=[Ljava.lang.CharSequence;@685e6a68}]
Capabilities {acceptInsecureCerts: false, browserName: chrome, browserVersion: 111.0.5563.65, chrome: {chromedriverVersion: 111.0.5563.64 (c710e93d5b63..., userDataDir: C:\Users\Nithya\AppData\Loc...}, goog:chromeOptions: {debuggerAddress: localhost:60408}, networkConnectionEnabled: false, pageLoadStrategy: normal, platformName: WINDOWS, proxy: Proxy(), se:cdp: ws://localhost:60408/devtoo..., se:cdpVersion: 111.0.5563.65, setWindowRect: true, strictFileInteractability: false, timeouts: {implicit: 0, pageLoad: 300000, script: 30000}, unhandledPromptBehavior: dismiss and notify, webauthn:extension:credBlob: true, webauthn:extension:largeBlob: true, webauthn:extension:minPinLength: true, webauthn:extension:prf: true, webauthn:virtualAuthenticators: true}
Element: [[ChromeDriver: chrome on WINDOWS (eb312ccda24989d7e7df544be41ca346)] -> xpath: //textarea[@tabindex='0']]
Session ID: eb312ccda24989d7e7df544be41ca346]]>
            </message>
            <full-stacktrace>
              <![CDATA[org.openqa.selenium.ElementNotInteractableException: element not interactable
  (Session info: chrome=111.0.5563.65)
Build info: version: '4.5.0', revision: 'fe167b119a'
System info: os.name: 'Windows 10', os.arch: 'amd64', os.version: '10.0', java.version: '19.0.2'
Driver info: org.openqa.selenium.chrome.ChromeDriver
Command: [eb312ccda24989d7e7df544be41ca346, sendKeysToElement {id=e12e48c4-33be-4d4d-bd87-a9e6610bd2e6, value=[Ljava.lang.CharSequence;@685e6a68}]
Capabilities {acceptInsecureCerts: false, browserName: chrome, browserVersion: 111.0.5563.65, chrome: {chromedriverVersion: 111.0.5563.64 (c710e93d5b63..., userDataDir: C:\Users\Nithya\AppData\Loc...}, goog:chromeOptions: {debuggerAddress: localhost:60408}, networkConnectionEnabled: false, pageLoadStrategy: normal, platformName: WINDOWS, proxy: Proxy(), se:cdp: ws://localhost:60408/devtoo..., se:cdpVersion: 111.0.5563.65, setWindowRect: true, strictFileInteractability: false, timeouts: {implicit: 0, pageLoad: 300000, script: 30000}, unhandledPromptBehavior: dismiss and notify, webauthn:extension:credBlob: true, webauthn:extension:largeBlob: true, webauthn:extension:minPinLength: true, webauthn:extension:prf: true, webauthn:virtualAuthenticators: true}
Element: [[ChromeDriver: chrome on WINDOWS (eb312ccda24989d7e7df544be41ca346)] -> xpath: //textarea[@tabindex='0']]
Session ID: eb312ccda24989d7e7df544be41ca346
at java.base/jdk.internal.reflect.DirectConstructorHandleAccessor.newInstance(DirectConstructorHandleAccessor.java:67)
at java.base/java.lang.reflect.Constructor.newInstanceWithCaller(Constructor.java:500)
at java.base/java.lang.reflect.Constructor.newInstance(Constructor.java:484)
at org.openqa.selenium.remote.codec.w3c.W3CHttpResponseCodec.createException(W3CHttpResponseCodec.java:200)
at org.openqa.selenium.remote.codec.w3c.W3CHttpResponseCodec.decode(W3CHttpResponseCodec.java:133)
at org.openqa.selenium.remote.codec.w3c.W3CHttpResponseCodec.decode(W3CHttpResponseCodec.java:53)
at org.openqa.selenium.remote.HttpCommandExecutor.execute(HttpCommandExecutor.java:184)
at org.openqa.selenium.remote.service.DriverCommandExecutor.invokeExecute(DriverCommandExecutor.java:167)
at org.openqa.selenium.remote.service.DriverCommandExecutor.execute(DriverCommandExecutor.java:142)
at org.openqa.selenium.remote.RemoteWebDriver.execute(RemoteWebDriver.java:547)
at org.openqa.selenium.remote.RemoteWebElement.execute(RemoteWebElement.java:257)
at org.openqa.selenium.remote.RemoteWebElement.sendKeys(RemoteWebElement.java:113)
at java.base/jdk.internal.reflect.DirectMethodHandleAccessor.invoke(DirectMethodHandleAccessor.java:104)
at java.base/java.lang.reflect.Method.invoke(Method.java:578)
at org.openqa.selenium.support.pagefactory.internal.LocatingElementHandler.invoke(LocatingElementHandler.java:52)
at jdk.proxy2/jdk.proxy2.$Proxy37.sendKeys(Unknown Source)
at com.numpy.PageObjects.TryHereRunPage.setInput(TryHereRunPage.java:34)
at com.numpy.StepDefinitions.SD06_Graph.the_user_enter_python_code_with_syntax_in_try_editor_in_from_config_properties_in_graph_page(SD06_Graph.java:169)
at ?.The user enter python code with "invalidInput" syntax in tryEditor in "Graph" from config.properties in Graph page(file:///C:/Users/Nithya/eclipse-workspace/DS_Algo_Cucumber/src/test/resources/com/numpy/Runner/UC06_Graph.feature:48)
]]>
            </full-stacktrace>
          </exception> <!-- org.openqa.selenium.ElementNotInteractableException -->
          <reporter-output>
          </reporter-output>
        </test-method> <!-- runScenario -->
        <test-method signature="runScenario(io.cucumber.testng.PickleWrapper,io.cucumber.testng.FeatureWrapper)[pri:0, instance:com.numpy.Runner.StepDefinitionRunner@1e16c0aa]" started-at="2023-03-17T10:09:09 EDT" name="runScenario" description="Runs Cucumber Scenarios" data-provider="scenarios" finished-at="2023-03-17T10:09:10 EDT" duration-ms="1595" status="FAIL">
          <params>
            <param index="0">
              <value>
                <![CDATA["The user is able run validInput code in tryEditor for "Graph Representations" in Graph page"]]>
              </value>
            </param>
            <param index="1">
              <value>
                <![CDATA["User launch dsalgo application and test Graph page"]]>
              </value>
            </param>
          </params>
          <exception class="org.openqa.selenium.ElementNotInteractableException">
            <message>
              <![CDATA[element not interactable
  (Session info: chrome=111.0.5563.65)
Build info: version: '4.5.0', revision: 'fe167b119a'
System info: os.name: 'Windows 10', os.arch: 'amd64', os.version: '10.0', java.version: '19.0.2'
Driver info: org.openqa.selenium.chrome.ChromeDriver
Command: [eb312ccda24989d7e7df544be41ca346, sendKeysToElement {id=4b024e13-bc95-4e2b-821d-c01551e0d4b8, value=[Ljava.lang.CharSequence;@312f3050}]
Capabilities {acceptInsecureCerts: false, browserName: chrome, browserVersion: 111.0.5563.65, chrome: {chromedriverVersion: 111.0.5563.64 (c710e93d5b63..., userDataDir: C:\Users\Nithya\AppData\Loc...}, goog:chromeOptions: {debuggerAddress: localhost:60408}, networkConnectionEnabled: false, pageLoadStrategy: normal, platformName: WINDOWS, proxy: Proxy(), se:cdp: ws://localhost:60408/devtoo..., se:cdpVersion: 111.0.5563.65, setWindowRect: true, strictFileInteractability: false, timeouts: {implicit: 0, pageLoad: 300000, script: 30000}, unhandledPromptBehavior: dismiss and notify, webauthn:extension:credBlob: true, webauthn:extension:largeBlob: true, webauthn:extension:minPinLength: true, webauthn:extension:prf: true, webauthn:virtualAuthenticators: true}
Element: [[ChromeDriver: chrome on WINDOWS (eb312ccda24989d7e7df544be41ca346)] -> xpath: //textarea[@tabindex='0']]
Session ID: eb312ccda24989d7e7df544be41ca346]]>
            </message>
            <full-stacktrace>
              <![CDATA[org.openqa.selenium.ElementNotInteractableException: element not interactable
  (Session info: chrome=111.0.5563.65)
Build info: version: '4.5.0', revision: 'fe167b119a'
System info: os.name: 'Windows 10', os.arch: 'amd64', os.version: '10.0', java.version: '19.0.2'
Driver info: org.openqa.selenium.chrome.ChromeDriver
Command: [eb312ccda24989d7e7df544be41ca346, sendKeysToElement {id=4b024e13-bc95-4e2b-821d-c01551e0d4b8, value=[Ljava.lang.CharSequence;@312f3050}]
Capabilities {acceptInsecureCerts: false, browserName: chrome, browserVersion: 111.0.5563.65, chrome: {chromedriverVersion: 111.0.5563.64 (c710e93d5b63..., userDataDir: C:\Users\Nithya\AppData\Loc...}, goog:chromeOptions: {debuggerAddress: localhost:60408}, networkConnectionEnabled: false, pageLoadStrategy: normal, platformName: WINDOWS, proxy: Proxy(), se:cdp: ws://localhost:60408/devtoo..., se:cdpVersion: 111.0.5563.65, setWindowRect: true, strictFileInteractability: false, timeouts: {implicit: 0, pageLoad: 300000, script: 30000}, unhandledPromptBehavior: dismiss and notify, webauthn:extension:credBlob: true, webauthn:extension:largeBlob: true, webauthn:extension:minPinLength: true, webauthn:extension:prf: true, webauthn:virtualAuthenticators: true}
Element: [[ChromeDriver: chrome on WINDOWS (eb312ccda24989d7e7df544be41ca346)] -> xpath: //textarea[@tabindex='0']]
Session ID: eb312ccda24989d7e7df544be41ca346
at java.base/jdk.internal.reflect.DirectConstructorHandleAccessor.newInstance(DirectConstructorHandleAccessor.java:67)
at java.base/java.lang.reflect.Constructor.newInstanceWithCaller(Constructor.java:500)
at java.base/java.lang.reflect.Constructor.newInstance(Constructor.java:484)
at org.openqa.selenium.remote.codec.w3c.W3CHttpResponseCodec.createException(W3CHttpResponseCodec.java:200)
at org.openqa.selenium.remote.codec.w3c.W3CHttpResponseCodec.decode(W3CHttpResponseCodec.java:133)
at org.openqa.selenium.remote.codec.w3c.W3CHttpResponseCodec.decode(W3CHttpResponseCodec.java:53)
at org.openqa.selenium.remote.HttpCommandExecutor.execute(HttpCommandExecutor.java:184)
at org.openqa.selenium.remote.service.DriverCommandExecutor.invokeExecute(DriverCommandExecutor.java:167)
at org.openqa.selenium.remote.service.DriverCommandExecutor.execute(DriverCommandExecutor.java:142)
at org.openqa.selenium.remote.RemoteWebDriver.execute(RemoteWebDriver.java:547)
at org.openqa.selenium.remote.RemoteWebElement.execute(RemoteWebElement.java:257)
at org.openqa.selenium.remote.RemoteWebElement.sendKeys(RemoteWebElement.java:113)
at java.base/jdk.internal.reflect.DirectMethodHandleAccessor.invoke(DirectMethodHandleAccessor.java:104)
at java.base/java.lang.reflect.Method.invoke(Method.java:578)
at org.openqa.selenium.support.pagefactory.internal.LocatingElementHandler.invoke(LocatingElementHandler.java:52)
at jdk.proxy2/jdk.proxy2.$Proxy37.sendKeys(Unknown Source)
at com.numpy.PageObjects.TryHereRunPage.setInput(TryHereRunPage.java:34)
at com.numpy.StepDefinitions.SD06_Graph.the_user_enter_python_code_with_syntax_in_try_editor_in_from_config_properties_in_graph_page(SD06_Graph.java:169)
at ?.The user enter python code with "invalidInput" syntax in tryEditor in "Graph Representations" from config.properties in Graph page(file:///C:/Users/Nithya/eclipse-workspace/DS_Algo_Cucumber/src/test/resources/com/numpy/Runner/UC06_Graph.feature:48)
]]>
            </full-stacktrace>
          </exception> <!-- org.openqa.selenium.ElementNotInteractableException -->
          <reporter-output>
          </reporter-output>
        </test-method> <!-- runScenario -->
        <test-method signature="runScenario(io.cucumber.testng.PickleWrapper,io.cucumber.testng.FeatureWrapper)[pri:0, instance:com.numpy.Runner.StepDefinitionRunner@1e16c0aa]" started-at="2023-03-17T10:09:10 EDT" name="runScenario" description="Runs Cucumber Scenarios" data-provider="scenarios" finished-at="2023-03-17T10:09:12 EDT" duration-ms="1346" status="PASS">
          <params>
            <param index="0">
              <value>
                <![CDATA["The user is able to navigate to Tree page"]]>
              </value>
            </param>
            <param index="1">
              <value>
                <![CDATA["User launch dsalgo application and test Tree page"]]>
              </value>
            </param>
          </params>
          <reporter-output>
          </reporter-output>
        </test-method> <!-- runScenario -->
        <test-method signature="runScenario(io.cucumber.testng.PickleWrapper,io.cucumber.testng.FeatureWrapper)[pri:0, instance:com.numpy.Runner.StepDefinitionRunner@1e16c0aa]" started-at="2023-03-17T10:09:12 EDT" name="runScenario" description="Runs Cucumber Scenarios" data-provider="scenarios" finished-at="2023-03-17T10:09:13 EDT" duration-ms="1408" status="FAIL">
          <params>
            <param index="0">
              <value>
                <![CDATA["The user is able to navigate "Overview of Trees" links in Tree page"]]>
              </value>
            </param>
            <param index="1">
              <value>
                <![CDATA["User launch dsalgo application and test Tree page"]]>
              </value>
            </param>
          </params>
          <exception class="io.cucumber.java.PendingException">
            <message>
              <![CDATA[TODO: implement me]]>
            </message>
            <full-stacktrace>
              <![CDATA[io.cucumber.java.PendingException: TODO: implement me
at com.numpy.StepDefinitions.SD06_Tree.the_user_should_be_redirected_to_particular_links_in_tree_page(SD06_Tree.java:95)
at ?.The user should be redirected to particular "Overview of Trees" links in Tree page(file:///C:/Users/Nithya/eclipse-workspace/DS_Algo_Cucumber/src/test/resources/com/numpy/Runner/UC07_Tree.feature:19)
]]>
            </full-stacktrace>
          </exception> <!-- io.cucumber.java.PendingException -->
          <reporter-output>
          </reporter-output>
        </test-method> <!-- runScenario -->
        <test-method signature="runScenario(io.cucumber.testng.PickleWrapper,io.cucumber.testng.FeatureWrapper)[pri:0, instance:com.numpy.Runner.StepDefinitionRunner@1e16c0aa]" started-at="2023-03-17T10:09:13 EDT" name="runScenario" description="Runs Cucumber Scenarios" data-provider="scenarios" finished-at="2023-03-17T10:09:14 EDT" duration-ms="1215" status="FAIL">
          <params>
            <param index="0">
              <value>
                <![CDATA["The user is able to navigate "Terminologies" links in Tree page"]]>
              </value>
            </param>
            <param index="1">
              <value>
                <![CDATA["User launch dsalgo application and test Tree page"]]>
              </value>
            </param>
          </params>
          <exception class="io.cucumber.java.PendingException">
            <message>
              <![CDATA[TODO: implement me]]>
            </message>
            <full-stacktrace>
              <![CDATA[io.cucumber.java.PendingException: TODO: implement me
at com.numpy.StepDefinitions.SD06_Tree.the_user_should_be_redirected_to_particular_links_in_tree_page(SD06_Tree.java:95)
at ?.The user should be redirected to particular "Terminologies" links in Tree page(file:///C:/Users/Nithya/eclipse-workspace/DS_Algo_Cucumber/src/test/resources/com/numpy/Runner/UC07_Tree.feature:19)
]]>
            </full-stacktrace>
          </exception> <!-- io.cucumber.java.PendingException -->
          <reporter-output>
          </reporter-output>
        </test-method> <!-- runScenario -->
        <test-method signature="runScenario(io.cucumber.testng.PickleWrapper,io.cucumber.testng.FeatureWrapper)[pri:0, instance:com.numpy.Runner.StepDefinitionRunner@1e16c0aa]" started-at="2023-03-17T10:09:14 EDT" name="runScenario" description="Runs Cucumber Scenarios" data-provider="scenarios" finished-at="2023-03-17T10:09:16 EDT" duration-ms="1482" status="FAIL">
          <params>
            <param index="0">
              <value>
                <![CDATA["The user is able to navigate "Types of Trees" links in Tree page"]]>
              </value>
            </param>
            <param index="1">
              <value>
                <![CDATA["User launch dsalgo application and test Tree page"]]>
              </value>
            </param>
          </params>
          <exception class="io.cucumber.java.PendingException">
            <message>
              <![CDATA[TODO: implement me]]>
            </message>
            <full-stacktrace>
              <![CDATA[io.cucumber.java.PendingException: TODO: implement me
at com.numpy.StepDefinitions.SD06_Tree.the_user_should_be_redirected_to_particular_links_in_tree_page(SD06_Tree.java:95)
at ?.The user should be redirected to particular "Types of Trees" links in Tree page(file:///C:/Users/Nithya/eclipse-workspace/DS_Algo_Cucumber/src/test/resources/com/numpy/Runner/UC07_Tree.feature:19)
]]>
            </full-stacktrace>
          </exception> <!-- io.cucumber.java.PendingException -->
          <reporter-output>
          </reporter-output>
        </test-method> <!-- runScenario -->
        <test-method signature="runScenario(io.cucumber.testng.PickleWrapper,io.cucumber.testng.FeatureWrapper)[pri:0, instance:com.numpy.Runner.StepDefinitionRunner@1e16c0aa]" started-at="2023-03-17T10:09:16 EDT" name="runScenario" description="Runs Cucumber Scenarios" data-provider="scenarios" finished-at="2023-03-17T10:09:17 EDT" duration-ms="1585" status="FAIL">
          <params>
            <param index="0">
              <value>
                <![CDATA["The user is able to navigate "Tree Traversals" links in Tree page"]]>
              </value>
            </param>
            <param index="1">
              <value>
                <![CDATA["User launch dsalgo application and test Tree page"]]>
              </value>
            </param>
          </params>
          <exception class="io.cucumber.java.PendingException">
            <message>
              <![CDATA[TODO: implement me]]>
            </message>
            <full-stacktrace>
              <![CDATA[io.cucumber.java.PendingException: TODO: implement me
at com.numpy.StepDefinitions.SD06_Tree.the_user_should_be_redirected_to_particular_links_in_tree_page(SD06_Tree.java:95)
at ?.The user should be redirected to particular "Tree Traversals" links in Tree page(file:///C:/Users/Nithya/eclipse-workspace/DS_Algo_Cucumber/src/test/resources/com/numpy/Runner/UC07_Tree.feature:19)
]]>
            </full-stacktrace>
          </exception> <!-- io.cucumber.java.PendingException -->
          <reporter-output>
          </reporter-output>
        </test-method> <!-- runScenario -->
        <test-method signature="runScenario(io.cucumber.testng.PickleWrapper,io.cucumber.testng.FeatureWrapper)[pri:0, instance:com.numpy.Runner.StepDefinitionRunner@1e16c0aa]" started-at="2023-03-17T10:09:17 EDT" name="runScenario" description="Runs Cucumber Scenarios" data-provider="scenarios" finished-at="2023-03-17T10:09:19 EDT" duration-ms="1429" status="FAIL">
          <params>
            <param index="0">
              <value>
                <![CDATA["The user is able to navigate "Traversals-Illustration" links in Tree page"]]>
              </value>
            </param>
            <param index="1">
              <value>
                <![CDATA["User launch dsalgo application and test Tree page"]]>
              </value>
            </param>
          </params>
          <exception class="io.cucumber.java.PendingException">
            <message>
              <![CDATA[TODO: implement me]]>
            </message>
            <full-stacktrace>
              <![CDATA[io.cucumber.java.PendingException: TODO: implement me
at com.numpy.StepDefinitions.SD06_Tree.the_user_should_be_redirected_to_particular_links_in_tree_page(SD06_Tree.java:95)
at ?.The user should be redirected to particular "Traversals-Illustration" links in Tree page(file:///C:/Users/Nithya/eclipse-workspace/DS_Algo_Cucumber/src/test/resources/com/numpy/Runner/UC07_Tree.feature:19)
]]>
            </full-stacktrace>
          </exception> <!-- io.cucumber.java.PendingException -->
          <reporter-output>
          </reporter-output>
        </test-method> <!-- runScenario -->
        <test-method signature="runScenario(io.cucumber.testng.PickleWrapper,io.cucumber.testng.FeatureWrapper)[pri:0, instance:com.numpy.Runner.StepDefinitionRunner@1e16c0aa]" started-at="2023-03-17T10:09:19 EDT" name="runScenario" description="Runs Cucumber Scenarios" data-provider="scenarios" finished-at="2023-03-17T10:09:20 EDT" duration-ms="1419" status="FAIL">
          <params>
            <param index="0">
              <value>
                <![CDATA["The user is able to navigate "Binary trees" links in Tree page"]]>
              </value>
            </param>
            <param index="1">
              <value>
                <![CDATA["User launch dsalgo application and test Tree page"]]>
              </value>
            </param>
          </params>
          <exception class="io.cucumber.java.PendingException">
            <message>
              <![CDATA[TODO: implement me]]>
            </message>
            <full-stacktrace>
              <![CDATA[io.cucumber.java.PendingException: TODO: implement me
at com.numpy.StepDefinitions.SD06_Tree.the_user_should_be_redirected_to_particular_links_in_tree_page(SD06_Tree.java:95)
at ?.The user should be redirected to particular "Binary trees" links in Tree page(file:///C:/Users/Nithya/eclipse-workspace/DS_Algo_Cucumber/src/test/resources/com/numpy/Runner/UC07_Tree.feature:19)
]]>
            </full-stacktrace>
          </exception> <!-- io.cucumber.java.PendingException -->
          <reporter-output>
          </reporter-output>
        </test-method> <!-- runScenario -->
        <test-method signature="runScenario(io.cucumber.testng.PickleWrapper,io.cucumber.testng.FeatureWrapper)[pri:0, instance:com.numpy.Runner.StepDefinitionRunner@1e16c0aa]" started-at="2023-03-17T10:09:20 EDT" name="runScenario" description="Runs Cucumber Scenarios" data-provider="scenarios" finished-at="2023-03-17T10:09:21 EDT" duration-ms="897" status="FAIL">
          <params>
            <param index="0">
              <value>
                <![CDATA["The user is able to navigate "Types of Binary Trees" links in Tree page"]]>
              </value>
            </param>
            <param index="1">
              <value>
                <![CDATA["User launch dsalgo application and test Tree page"]]>
              </value>
            </param>
          </params>
          <exception class="io.cucumber.java.PendingException">
            <message>
              <![CDATA[TODO: implement me]]>
            </message>
            <full-stacktrace>
              <![CDATA[io.cucumber.java.PendingException: TODO: implement me
at com.numpy.StepDefinitions.SD06_Tree.the_user_should_be_redirected_to_particular_links_in_tree_page(SD06_Tree.java:95)
at ?.The user should be redirected to particular "Types of Binary Trees" links in Tree page(file:///C:/Users/Nithya/eclipse-workspace/DS_Algo_Cucumber/src/test/resources/com/numpy/Runner/UC07_Tree.feature:19)
]]>
            </full-stacktrace>
          </exception> <!-- io.cucumber.java.PendingException -->
          <reporter-output>
          </reporter-output>
        </test-method> <!-- runScenario -->
        <test-method signature="runScenario(io.cucumber.testng.PickleWrapper,io.cucumber.testng.FeatureWrapper)[pri:0, instance:com.numpy.Runner.StepDefinitionRunner@1e16c0aa]" started-at="2023-03-17T10:09:21 EDT" name="runScenario" description="Runs Cucumber Scenarios" data-provider="scenarios" finished-at="2023-03-17T10:09:23 EDT" duration-ms="1347" status="FAIL">
          <params>
            <param index="0">
              <value>
                <![CDATA["The user is able to navigate "Implementation in Python" links in Tree page"]]>
              </value>
            </param>
            <param index="1">
              <value>
                <![CDATA["User launch dsalgo application and test Tree page"]]>
              </value>
            </param>
          </params>
          <exception class="io.cucumber.java.PendingException">
            <message>
              <![CDATA[TODO: implement me]]>
            </message>
            <full-stacktrace>
              <![CDATA[io.cucumber.java.PendingException: TODO: implement me
at com.numpy.StepDefinitions.SD06_Tree.the_user_should_be_redirected_to_particular_links_in_tree_page(SD06_Tree.java:95)
at ?.The user should be redirected to particular "Implementation in Python" links in Tree page(file:///C:/Users/Nithya/eclipse-workspace/DS_Algo_Cucumber/src/test/resources/com/numpy/Runner/UC07_Tree.feature:19)
]]>
            </full-stacktrace>
          </exception> <!-- io.cucumber.java.PendingException -->
          <reporter-output>
          </reporter-output>
        </test-method> <!-- runScenario -->
        <test-method signature="runScenario(io.cucumber.testng.PickleWrapper,io.cucumber.testng.FeatureWrapper)[pri:0, instance:com.numpy.Runner.StepDefinitionRunner@1e16c0aa]" started-at="2023-03-17T10:09:23 EDT" name="runScenario" description="Runs Cucumber Scenarios" data-provider="scenarios" finished-at="2023-03-17T10:09:24 EDT" duration-ms="1626" status="FAIL">
          <params>
            <param index="0">
              <value>
                <![CDATA["The user is able to navigate "Binary Tree Traversals" links in Tree page"]]>
              </value>
            </param>
            <param index="1">
              <value>
                <![CDATA["User launch dsalgo application and test Tree page"]]>
              </value>
            </param>
          </params>
          <exception class="io.cucumber.java.PendingException">
            <message>
              <![CDATA[TODO: implement me]]>
            </message>
            <full-stacktrace>
              <![CDATA[io.cucumber.java.PendingException: TODO: implement me
at com.numpy.StepDefinitions.SD06_Tree.the_user_should_be_redirected_to_particular_links_in_tree_page(SD06_Tree.java:95)
at ?.The user should be redirected to particular "Binary Tree Traversals" links in Tree page(file:///C:/Users/Nithya/eclipse-workspace/DS_Algo_Cucumber/src/test/resources/com/numpy/Runner/UC07_Tree.feature:19)
]]>
            </full-stacktrace>
          </exception> <!-- io.cucumber.java.PendingException -->
          <reporter-output>
          </reporter-output>
        </test-method> <!-- runScenario -->
        <test-method signature="runScenario(io.cucumber.testng.PickleWrapper,io.cucumber.testng.FeatureWrapper)[pri:0, instance:com.numpy.Runner.StepDefinitionRunner@1e16c0aa]" started-at="2023-03-17T10:09:24 EDT" name="runScenario" description="Runs Cucumber Scenarios" data-provider="scenarios" finished-at="2023-03-17T10:09:26 EDT" duration-ms="1433" status="FAIL">
          <params>
            <param index="0">
              <value>
                <![CDATA["The user is able to navigate "Implementation of Binary Trees" links in Tree page"]]>
              </value>
            </param>
            <param index="1">
              <value>
                <![CDATA["User launch dsalgo application and test Tree page"]]>
              </value>
            </param>
          </params>
          <exception class="io.cucumber.java.PendingException">
            <message>
              <![CDATA[TODO: implement me]]>
            </message>
            <full-stacktrace>
              <![CDATA[io.cucumber.java.PendingException: TODO: implement me
at com.numpy.StepDefinitions.SD06_Tree.the_user_should_be_redirected_to_particular_links_in_tree_page(SD06_Tree.java:95)
at ?.The user should be redirected to particular "Implementation of Binary Trees" links in Tree page(file:///C:/Users/Nithya/eclipse-workspace/DS_Algo_Cucumber/src/test/resources/com/numpy/Runner/UC07_Tree.feature:19)
]]>
            </full-stacktrace>
          </exception> <!-- io.cucumber.java.PendingException -->
          <reporter-output>
          </reporter-output>
        </test-method> <!-- runScenario -->
        <test-method signature="runScenario(io.cucumber.testng.PickleWrapper,io.cucumber.testng.FeatureWrapper)[pri:0, instance:com.numpy.Runner.StepDefinitionRunner@1e16c0aa]" started-at="2023-03-17T10:09:26 EDT" name="runScenario" description="Runs Cucumber Scenarios" data-provider="scenarios" finished-at="2023-03-17T10:09:27 EDT" duration-ms="1309" status="FAIL">
          <params>
            <param index="0">
              <value>
                <![CDATA["The user is able to navigate "Applications of Binary trees" links in Tree page"]]>
              </value>
            </param>
            <param index="1">
              <value>
                <![CDATA["User launch dsalgo application and test Tree page"]]>
              </value>
            </param>
          </params>
          <exception class="io.cucumber.java.PendingException">
            <message>
              <![CDATA[TODO: implement me]]>
            </message>
            <full-stacktrace>
              <![CDATA[io.cucumber.java.PendingException: TODO: implement me
at com.numpy.StepDefinitions.SD06_Tree.the_user_should_be_redirected_to_particular_links_in_tree_page(SD06_Tree.java:95)
at ?.The user should be redirected to particular "Applications of Binary trees" links in Tree page(file:///C:/Users/Nithya/eclipse-workspace/DS_Algo_Cucumber/src/test/resources/com/numpy/Runner/UC07_Tree.feature:19)
]]>
            </full-stacktrace>
          </exception> <!-- io.cucumber.java.PendingException -->
          <reporter-output>
          </reporter-output>
        </test-method> <!-- runScenario -->
        <test-method signature="runScenario(io.cucumber.testng.PickleWrapper,io.cucumber.testng.FeatureWrapper)[pri:0, instance:com.numpy.Runner.StepDefinitionRunner@1e16c0aa]" started-at="2023-03-17T10:09:27 EDT" name="runScenario" description="Runs Cucumber Scenarios" data-provider="scenarios" finished-at="2023-03-17T10:09:28 EDT" duration-ms="1229" status="FAIL">
          <params>
            <param index="0">
              <value>
                <![CDATA["The user is able to navigate "Binary Search Trees" links in Tree page"]]>
              </value>
            </param>
            <param index="1">
              <value>
                <![CDATA["User launch dsalgo application and test Tree page"]]>
              </value>
            </param>
          </params>
          <exception class="io.cucumber.java.PendingException">
            <message>
              <![CDATA[TODO: implement me]]>
            </message>
            <full-stacktrace>
              <![CDATA[io.cucumber.java.PendingException: TODO: implement me
at com.numpy.StepDefinitions.SD06_Tree.the_user_should_be_redirected_to_particular_links_in_tree_page(SD06_Tree.java:95)
at ?.The user should be redirected to particular "Binary Search Trees" links in Tree page(file:///C:/Users/Nithya/eclipse-workspace/DS_Algo_Cucumber/src/test/resources/com/numpy/Runner/UC07_Tree.feature:19)
]]>
            </full-stacktrace>
          </exception> <!-- io.cucumber.java.PendingException -->
          <reporter-output>
          </reporter-output>
        </test-method> <!-- runScenario -->
        <test-method signature="runScenario(io.cucumber.testng.PickleWrapper,io.cucumber.testng.FeatureWrapper)[pri:0, instance:com.numpy.Runner.StepDefinitionRunner@1e16c0aa]" started-at="2023-03-17T10:09:28 EDT" name="runScenario" description="Runs Cucumber Scenarios" data-provider="scenarios" finished-at="2023-03-17T10:09:29 EDT" duration-ms="935" status="FAIL">
          <params>
            <param index="0">
              <value>
                <![CDATA["The user is able to navigate "Implementation Of BST" links in Tree page"]]>
              </value>
            </param>
            <param index="1">
              <value>
                <![CDATA["User launch dsalgo application and test Tree page"]]>
              </value>
            </param>
          </params>
          <exception class="io.cucumber.java.PendingException">
            <message>
              <![CDATA[TODO: implement me]]>
            </message>
            <full-stacktrace>
              <![CDATA[io.cucumber.java.PendingException: TODO: implement me
at com.numpy.StepDefinitions.SD06_Tree.the_user_should_be_redirected_to_particular_links_in_tree_page(SD06_Tree.java:95)
at ?.The user should be redirected to particular "Implementation Of BST" links in Tree page(file:///C:/Users/Nithya/eclipse-workspace/DS_Algo_Cucumber/src/test/resources/com/numpy/Runner/UC07_Tree.feature:19)
]]>
            </full-stacktrace>
          </exception> <!-- io.cucumber.java.PendingException -->
          <reporter-output>
          </reporter-output>
        </test-method> <!-- runScenario -->
        <test-method is-config="true" signature="tearDownClass()[pri:0, instance:com.numpy.Runner.StepDefinitionRunner@1e16c0aa]" started-at="2023-03-17T10:09:29 EDT" name="tearDownClass" finished-at="2023-03-17T10:09:33 EDT" duration-ms="3687" status="PASS">
          <reporter-output>
          </reporter-output>
        </test-method> <!-- tearDownClass -->
      </class> <!-- com.numpy.Runner.StepDefinitionRunner -->
    </test> <!-- Chrome Test -->
    <test started-at="2023-03-17T10:09:33 EDT" name="Edge Test" finished-at="2023-03-17T10:09:36 EDT" duration-ms="3237">
      <class name="com.numpy.Runner.StepDefinitionRunner">
        <test-method is-config="true" signature="loadBrowser(java.lang.String)[pri:0, instance:com.numpy.Runner.StepDefinitionRunner@7ac296f6]" started-at="2023-03-17T10:09:33 EDT" name="loadBrowser" finished-at="2023-03-17T10:09:33 EDT" duration-ms="1" status="PASS">
          <params>
            <param index="0">
              <value>
                <![CDATA[edge]]>
              </value>
            </param>
          </params>
          <reporter-output>
          </reporter-output>
        </test-method> <!-- loadBrowser -->
        <test-method is-config="true" signature="setUpClass(org.testng.ITestContext)[pri:0, instance:com.numpy.Runner.StepDefinitionRunner@7ac296f6]" started-at="2023-03-17T10:09:33 EDT" name="setUpClass" finished-at="2023-03-17T10:09:33 EDT" duration-ms="68" status="PASS">
          <params>
            <param index="0">
              <value>
                <![CDATA[org.testng.TestRunner@42805abe]]>
              </value>
            </param>
          </params>
          <reporter-output>
          </reporter-output>
        </test-method> <!-- setUpClass -->
        <test-method signature="runScenario(io.cucumber.testng.PickleWrapper,io.cucumber.testng.FeatureWrapper)[pri:0, instance:com.numpy.Runner.StepDefinitionRunner@7ac296f6]" started-at="2023-03-17T10:09:33 EDT" name="runScenario" description="Runs Cucumber Scenarios" data-provider="scenarios" finished-at="2023-03-17T10:09:33 EDT" duration-ms="19" status="FAIL">
          <params>
            <param index="0">
              <value>
                <![CDATA["User launch dsalgo application and test Home page"]]>
              </value>
            </param>
            <param index="1">
              <value>
                <![CDATA["GetStarted"]]>
              </value>
            </param>
          </params>
          <exception class="org.openqa.selenium.NoSuchSessionException">
            <message>
              <![CDATA[invalid session id
Build info: version: '4.5.0', revision: 'fe167b119a'
System info: os.name: 'Windows 10', os.arch: 'amd64', os.version: '10.0', java.version: '19.0.2'
Driver info: org.openqa.selenium.chrome.ChromeDriver
Command: [eb312ccda24989d7e7df544be41ca346, get {url=https://dsportalapp.herokuapp.com/home}]
Capabilities {acceptInsecureCerts: false, browserName: chrome, browserVersion: 111.0.5563.65, chrome: {chromedriverVersion: 111.0.5563.64 (c710e93d5b63..., userDataDir: C:\Users\Nithya\AppData\Loc...}, goog:chromeOptions: {debuggerAddress: localhost:60408}, networkConnectionEnabled: false, pageLoadStrategy: normal, platformName: WINDOWS, proxy: Proxy(), se:cdp: ws://localhost:60408/devtoo..., se:cdpVersion: 111.0.5563.65, setWindowRect: true, strictFileInteractability: false, timeouts: {implicit: 0, pageLoad: 300000, script: 30000}, unhandledPromptBehavior: dismiss and notify, webauthn:extension:credBlob: true, webauthn:extension:largeBlob: true, webauthn:extension:minPinLength: true, webauthn:extension:prf: true, webauthn:virtualAuthenticators: true}
Session ID: eb312ccda24989d7e7df544be41ca346]]>
            </message>
            <full-stacktrace>
              <![CDATA[org.openqa.selenium.NoSuchSessionException: invalid session id
Build info: version: '4.5.0', revision: 'fe167b119a'
System info: os.name: 'Windows 10', os.arch: 'amd64', os.version: '10.0', java.version: '19.0.2'
Driver info: org.openqa.selenium.chrome.ChromeDriver
Command: [eb312ccda24989d7e7df544be41ca346, get {url=https://dsportalapp.herokuapp.com/home}]
Capabilities {acceptInsecureCerts: false, browserName: chrome, browserVersion: 111.0.5563.65, chrome: {chromedriverVersion: 111.0.5563.64 (c710e93d5b63..., userDataDir: C:\Users\Nithya\AppData\Loc...}, goog:chromeOptions: {debuggerAddress: localhost:60408}, networkConnectionEnabled: false, pageLoadStrategy: normal, platformName: WINDOWS, proxy: Proxy(), se:cdp: ws://localhost:60408/devtoo..., se:cdpVersion: 111.0.5563.65, setWindowRect: true, strictFileInteractability: false, timeouts: {implicit: 0, pageLoad: 300000, script: 30000}, unhandledPromptBehavior: dismiss and notify, webauthn:extension:credBlob: true, webauthn:extension:largeBlob: true, webauthn:extension:minPinLength: true, webauthn:extension:prf: true, webauthn:virtualAuthenticators: true}
Session ID: eb312ccda24989d7e7df544be41ca346
at java.base/jdk.internal.reflect.DirectConstructorHandleAccessor.newInstance(DirectConstructorHandleAccessor.java:67)
at java.base/java.lang.reflect.Constructor.newInstanceWithCaller(Constructor.java:500)
at java.base/java.lang.reflect.Constructor.newInstance(Constructor.java:484)
at org.openqa.selenium.remote.codec.w3c.W3CHttpResponseCodec.createException(W3CHttpResponseCodec.java:200)
at org.openqa.selenium.remote.codec.w3c.W3CHttpResponseCodec.decode(W3CHttpResponseCodec.java:133)
at org.openqa.selenium.remote.codec.w3c.W3CHttpResponseCodec.decode(W3CHttpResponseCodec.java:53)
at org.openqa.selenium.remote.HttpCommandExecutor.execute(HttpCommandExecutor.java:184)
at org.openqa.selenium.remote.service.DriverCommandExecutor.invokeExecute(DriverCommandExecutor.java:167)
at org.openqa.selenium.remote.service.DriverCommandExecutor.execute(DriverCommandExecutor.java:142)
at org.openqa.selenium.remote.RemoteWebDriver.execute(RemoteWebDriver.java:547)
at org.openqa.selenium.remote.RemoteWebDriver.get(RemoteWebDriver.java:310)
at com.numpy.PageObjects.GetStartedPage.<init>(GetStartedPage.java:14)
at com.numpy.StepDefinitions.SD01_GetStarted.user_launch_chrome_browser(SD01_GetStarted.java:23)
at ?.User Launch Chrome browser(file:///C:/Users/Nithya/eclipse-workspace/DS_Algo_Cucumber/src/test/resources/com/numpy/Runner/UC01_GetStarted.feature:6)
]]>
            </full-stacktrace>
          </exception> <!-- org.openqa.selenium.NoSuchSessionException -->
          <reporter-output>
          </reporter-output>
        </test-method> <!-- runScenario -->
        <test-method signature="runScenario(io.cucumber.testng.PickleWrapper,io.cucumber.testng.FeatureWrapper)[pri:0, instance:com.numpy.Runner.StepDefinitionRunner@7ac296f6]" started-at="2023-03-17T10:09:33 EDT" name="runScenario" description="Runs Cucumber Scenarios" data-provider="scenarios" finished-at="2023-03-17T10:09:33 EDT" duration-ms="22" status="FAIL">
          <params>
            <param index="0">
              <value>
                <![CDATA["User is on Home page and click getstarted link "Datastructures" on home page without sign in"]]>
              </value>
            </param>
            <param index="1">
              <value>
                <![CDATA["Test HomePage"]]>
              </value>
            </param>
          </params>
          <exception class="org.openqa.selenium.NoSuchSessionException">
            <message>
              <![CDATA[invalid session id
Build info: version: '4.5.0', revision: 'fe167b119a'
System info: os.name: 'Windows 10', os.arch: 'amd64', os.version: '10.0', java.version: '19.0.2'
Driver info: org.openqa.selenium.chrome.ChromeDriver
Command: [eb312ccda24989d7e7df544be41ca346, get {url=https://dsportalapp.herokuapp.com/home}]
Capabilities {acceptInsecureCerts: false, browserName: chrome, browserVersion: 111.0.5563.65, chrome: {chromedriverVersion: 111.0.5563.64 (c710e93d5b63..., userDataDir: C:\Users\Nithya\AppData\Loc...}, goog:chromeOptions: {debuggerAddress: localhost:60408}, networkConnectionEnabled: false, pageLoadStrategy: normal, platformName: WINDOWS, proxy: Proxy(), se:cdp: ws://localhost:60408/devtoo..., se:cdpVersion: 111.0.5563.65, setWindowRect: true, strictFileInteractability: false, timeouts: {implicit: 0, pageLoad: 300000, script: 30000}, unhandledPromptBehavior: dismiss and notify, webauthn:extension:credBlob: true, webauthn:extension:largeBlob: true, webauthn:extension:minPinLength: true, webauthn:extension:prf: true, webauthn:virtualAuthenticators: true}
Session ID: eb312ccda24989d7e7df544be41ca346]]>
            </message>
            <full-stacktrace>
              <![CDATA[org.openqa.selenium.NoSuchSessionException: invalid session id
Build info: version: '4.5.0', revision: 'fe167b119a'
System info: os.name: 'Windows 10', os.arch: 'amd64', os.version: '10.0', java.version: '19.0.2'
Driver info: org.openqa.selenium.chrome.ChromeDriver
Command: [eb312ccda24989d7e7df544be41ca346, get {url=https://dsportalapp.herokuapp.com/home}]
Capabilities {acceptInsecureCerts: false, browserName: chrome, browserVersion: 111.0.5563.65, chrome: {chromedriverVersion: 111.0.5563.64 (c710e93d5b63..., userDataDir: C:\Users\Nithya\AppData\Loc...}, goog:chromeOptions: {debuggerAddress: localhost:60408}, networkConnectionEnabled: false, pageLoadStrategy: normal, platformName: WINDOWS, proxy: Proxy(), se:cdp: ws://localhost:60408/devtoo..., se:cdpVersion: 111.0.5563.65, setWindowRect: true, strictFileInteractability: false, timeouts: {implicit: 0, pageLoad: 300000, script: 30000}, unhandledPromptBehavior: dismiss and notify, webauthn:extension:credBlob: true, webauthn:extension:largeBlob: true, webauthn:extension:minPinLength: true, webauthn:extension:prf: true, webauthn:virtualAuthenticators: true}
Session ID: eb312ccda24989d7e7df544be41ca346
at java.base/jdk.internal.reflect.DirectConstructorHandleAccessor.newInstance(DirectConstructorHandleAccessor.java:67)
at java.base/java.lang.reflect.Constructor.newInstanceWithCaller(Constructor.java:500)
at java.base/java.lang.reflect.Constructor.newInstance(Constructor.java:484)
at org.openqa.selenium.remote.codec.w3c.W3CHttpResponseCodec.createException(W3CHttpResponseCodec.java:200)
at org.openqa.selenium.remote.codec.w3c.W3CHttpResponseCodec.decode(W3CHttpResponseCodec.java:133)
at org.openqa.selenium.remote.codec.w3c.W3CHttpResponseCodec.decode(W3CHttpResponseCodec.java:53)
at org.openqa.selenium.remote.HttpCommandExecutor.execute(HttpCommandExecutor.java:184)
at org.openqa.selenium.remote.service.DriverCommandExecutor.invokeExecute(DriverCommandExecutor.java:167)
at org.openqa.selenium.remote.service.DriverCommandExecutor.execute(DriverCommandExecutor.java:142)
at org.openqa.selenium.remote.RemoteWebDriver.execute(RemoteWebDriver.java:547)
at org.openqa.selenium.remote.RemoteWebDriver.get(RemoteWebDriver.java:310)
at com.numpy.PageObjects.HomePage.<init>(HomePage.java:14)
at com.numpy.StepDefinitions.SD02_Home.the_user_is_on_home_page(SD02_Home.java:35)
at ?.The user is on Home page(file:///C:/Users/Nithya/eclipse-workspace/DS_Algo_Cucumber/src/test/resources/com/numpy/Runner/UC02_Home.feature:4)
]]>
            </full-stacktrace>
          </exception> <!-- org.openqa.selenium.NoSuchSessionException -->
          <reporter-output>
          </reporter-output>
        </test-method> <!-- runScenario -->
        <test-method signature="runScenario(io.cucumber.testng.PickleWrapper,io.cucumber.testng.FeatureWrapper)[pri:0, instance:com.numpy.Runner.StepDefinitionRunner@7ac296f6]" started-at="2023-03-17T10:09:33 EDT" name="runScenario" description="Runs Cucumber Scenarios" data-provider="scenarios" finished-at="2023-03-17T10:09:33 EDT" duration-ms="23" status="FAIL">
          <params>
            <param index="0">
              <value>
                <![CDATA["User is on Home page and click getstarted link "Arrays" on home page without sign in"]]>
              </value>
            </param>
            <param index="1">
              <value>
                <![CDATA["Test HomePage"]]>
              </value>
            </param>
          </params>
          <exception class="org.openqa.selenium.NoSuchSessionException">
            <message>
              <![CDATA[invalid session id
[...]
at org.openqa.selenium.remote.service.DriverCommandExecutor.invokeExecute(DriverCommandExecutor.java:167)
at org.openqa.selenium.remote.service.DriverCommandExecutor.execute(DriverCommandExecutor.java:142)
at org.openqa.selenium.remote.RemoteWebDriver.execute(RemoteWebDriver.java:547)
at org.openqa.selenium.remote.RemoteWebDriver.get(RemoteWebDriver.java:310)
at com.numpy.PageObjects.HomePage.<init>(HomePage.java:14)
at com.numpy.StepDefinitions.SD05_DataStructures_Intro.the_user_is_on_signin_page_of_ds_algo_portal(SD05_DataStructures_Intro.java:36)
at ?.The user is on Signin page of DS Algo portal(file:///C:/Users/Nithya/eclipse-workspace/DS_Algo_Cucumber/src/test/resources/com/numpy/Runner/UC07_Tree.feature:5)
]]>
            </full-stacktrace>
          </exception> <!-- org.openqa.selenium.NoSuchSessionException -->
          <reporter-output>
          </reporter-output>
        </test-method> <!-- runScenario -->
        <test-method signature="runScenario(io.cucumber.testng.PickleWrapper,io.cucumber.testng.FeatureWrapper)[pri:0, instance:com.numpy.Runner.StepDefinitionRunner@7ac296f6]" started-at="2023-03-17T10:09:34 EDT" name="runScenario" description="Runs Cucumber Scenarios" data-provider="scenarios" finished-at="2023-03-17T10:09:34 EDT" duration-ms="17" status="FAIL">
          <params>
            <param index="0">
              <value>
                <![CDATA["The user is able to navigate "Applications of Binary trees" links in Tree page"]]>
              </value>
            </param>
            <param index="1">
              <value>
                <![CDATA["User launch dsalgo application and test Tree page"]]>
              </value>
            </param>
          </params>
          <exception class="org.openqa.selenium.NoSuchSessionException">
            <message>
              <![CDATA[invalid session id
Build info: version: '4.5.0', revision: 'fe167b119a'
System info: os.name: 'Windows 10', os.arch: 'amd64', os.version: '10.0', java.version: '19.0.2'
Driver info: org.openqa.selenium.chrome.ChromeDriver
Command: [eb312ccda24989d7e7df544be41ca346, get {url=https://dsportalapp.herokuapp.com/home}]
Capabilities {acceptInsecureCerts: false, browserName: chrome, browserVersion: 111.0.5563.65, chrome: {chromedriverVersion: 111.0.5563.64 (c710e93d5b63..., userDataDir: C:\Users\Nithya\AppData\Loc...}, goog:chromeOptions: {debuggerAddress: localhost:60408}, networkConnectionEnabled: false, pageLoadStrategy: normal, platformName: WINDOWS, proxy: Proxy(), se:cdp: ws://localhost:60408/devtoo..., se:cdpVersion: 111.0.5563.65, setWindowRect: true, strictFileInteractability: false, timeouts: {implicit: 0, pageLoad: 300000, script: 30000}, unhandledPromptBehavior: dismiss and notify, webauthn:extension:credBlob: true, webauthn:extension:largeBlob: true, webauthn:extension:minPinLength: true, webauthn:extension:prf: true, webauthn:virtualAuthenticators: true}
Session ID: eb312ccda24989d7e7df544be41ca346]]>
            </message>
            <full-stacktrace>
              <![CDATA[org.openqa.selenium.NoSuchSessionException: invalid session id
Build info: version: '4.5.0', revision: 'fe167b119a'
System info: os.name: 'Windows 10', os.arch: 'amd64', os.version: '10.0', java.version: '19.0.2'
Driver info: org.openqa.selenium.chrome.ChromeDriver
Command: [eb312ccda24989d7e7df544be41ca346, get {url=https://dsportalapp.herokuapp.com/home}]
Capabilities {acceptInsecureCerts: false, browserName: chrome, browserVersion: 111.0.5563.65, chrome: {chromedriverVersion: 111.0.5563.64 (c710e93d5b63..., userDataDir: C:\Users\Nithya\AppData\Loc...}, goog:chromeOptions: {debuggerAddress: localhost:60408}, networkConnectionEnabled: false, pageLoadStrategy: normal, platformName: WINDOWS, proxy: Proxy(), se:cdp: ws://localhost:60408/devtoo..., se:cdpVersion: 111.0.5563.65, setWindowRect: true, strictFileInteractability: false, timeouts: {implicit: 0, pageLoad: 300000, script: 30000}, unhandledPromptBehavior: dismiss and notify, webauthn:extension:credBlob: true, webauthn:extension:largeBlob: true, webauthn:extension:minPinLength: true, webauthn:extension:prf: true, webauthn:virtualAuthenticators: true}
Session ID: eb312ccda24989d7e7df544be41ca346
at java.base/jdk.internal.reflect.DirectConstructorHandleAccessor.newInstance(DirectConstructorHandleAccessor.java:67)
at java.base/java.lang.reflect.Constructor.newInstanceWithCaller(Constructor.java:500)
at java.base/java.lang.reflect.Constructor.newInstance(Constructor.java:484)
at org.openqa.selenium.remote.codec.w3c.W3CHttpResponseCodec.createException(W3CHttpResponseCodec.java:200)
at org.openqa.selenium.remote.codec.w3c.W3CHttpResponseCodec.decode(W3CHttpResponseCodec.java:133)
at org.openqa.selenium.remote.codec.w3c.W3CHttpResponseCodec.decode(W3CHttpResponseCodec.java:53)
at org.openqa.selenium.remote.HttpCommandExecutor.execute(HttpCommandExecutor.java:184)
at org.openqa.selenium.remote.service.DriverCommandExecutor.invokeExecute(DriverCommandExecutor.java:167)
at org.openqa.selenium.remote.service.DriverCommandExecutor.execute(DriverCommandExecutor.java:142)
at org.openqa.selenium.remote.RemoteWebDriver.execute(RemoteWebDriver.java:547)
at org.openqa.selenium.remote.RemoteWebDriver.get(RemoteWebDriver.java:310)
at com.numpy.PageObjects.HomePage.<init>(HomePage.java:14)
at com.numpy.StepDefinitions.SD05_DataStructures_Intro.the_user_is_on_signin_page_of_ds_algo_portal(SD05_DataStructures_Intro.java:36)
at ?.The user is on Signin page of DS Algo portal(file:///C:/Users/Nithya/eclipse-workspace/DS_Algo_Cucumber/src/test/resources/com/numpy/Runner/UC07_Tree.feature:5)
]]>
            </full-stacktrace>
          </exception> <!-- org.openqa.selenium.NoSuchSessionException -->
          <reporter-output>
          </reporter-output>
        </test-method> <!-- runScenario -->
        <test-method signature="runScenario(io.cucumber.testng.PickleWrapper,io.cucumber.testng.FeatureWrapper)[pri:0, instance:com.numpy.Runner.StepDefinitionRunner@7ac296f6]" started-at="2023-03-17T10:09:34 EDT" name="runScenario" description="Runs Cucumber Scenarios" data-provider="scenarios" finished-at="2023-03-17T10:09:34 EDT" duration-ms="21" status="FAIL">
          <params>
            <param index="0">
              <value>
                <![CDATA["The user is able to navigate "Binary Search Trees" links in Tree page"]]>
              </value>
            </param>
            <param index="1">
              <value>
                <![CDATA["User launch dsalgo application and test Tree page"]]>
              </value>
            </param>
          </params>
          <exception class="org.openqa.selenium.NoSuchSessionException">
            <message>
              <![CDATA[invalid session id
Build info: version: '4.5.0', revision: 'fe167b119a'
System info: os.name: 'Windows 10', os.arch: 'amd64', os.version: '10.0', java.version: '19.0.2'
Driver info: org.openqa.selenium.chrome.ChromeDriver
Command: [eb312ccda24989d7e7df544be41ca346, get {url=https://dsportalapp.herokuapp.com/home}]
Capabilities {acceptInsecureCerts: false, browserName: chrome, browserVersion: 111.0.5563.65, chrome: {chromedriverVersion: 111.0.5563.64 (c710e93d5b63..., userDataDir: C:\Users\Nithya\AppData\Loc...}, goog:chromeOptions: {debuggerAddress: localhost:60408}, networkConnectionEnabled: false, pageLoadStrategy: normal, platformName: WINDOWS, proxy: Proxy(), se:cdp: ws://localhost:60408/devtoo..., se:cdpVersion: 111.0.5563.65, setWindowRect: true, strictFileInteractability: false, timeouts: {implicit: 0, pageLoad: 300000, script: 30000}, unhandledPromptBehavior: dismiss and notify, webauthn:extension:credBlob: true, webauthn:extension:largeBlob: true, webauthn:extension:minPinLength: true, webauthn:extension:prf: true, webauthn:virtualAuthenticators: true}
Session ID: eb312ccda24989d7e7df544be41ca346]]>
            </message>
            <full-stacktrace>
              <![CDATA[org.openqa.selenium.NoSuchSessionException: invalid session id
Build info: version: '4.5.0', revision: 'fe167b119a'
System info: os.name: 'Windows 10', os.arch: 'amd64', os.version: '10.0', java.version: '19.0.2'
Driver info: org.openqa.selenium.chrome.ChromeDriver
Command: [eb312ccda24989d7e7df544be41ca346, get {url=https://dsportalapp.herokuapp.com/home}]
Capabilities {acceptInsecureCerts: false, browserName: chrome, browserVersion: 111.0.5563.65, chrome: {chromedriverVersion: 111.0.5563.64 (c710e93d5b63..., userDataDir: C:\Users\Nithya\AppData\Loc...}, goog:chromeOptions: {debuggerAddress: localhost:60408}, networkConnectionEnabled: false, pageLoadStrategy: normal, platformName: WINDOWS, proxy: Proxy(), se:cdp: ws://localhost:60408/devtoo..., se:cdpVersion: 111.0.5563.65, setWindowRect: true, strictFileInteractability: false, timeouts: {implicit: 0, pageLoad: 300000, script: 30000}, unhandledPromptBehavior: dismiss and notify, webauthn:extension:credBlob: true, webauthn:extension:largeBlob: true, webauthn:extension:minPinLength: true, webauthn:extension:prf: true, webauthn:virtualAuthenticators: true}
Session ID: eb312ccda24989d7e7df544be41ca346
at java.base/jdk.internal.reflect.DirectConstructorHandleAccessor.newInstance(DirectConstructorHandleAccessor.java:67)
at java.base/java.lang.reflect.Constructor.newInstanceWithCaller(Constructor.java:500)
at java.base/java.lang.reflect.Constructor.newInstance(Constructor.java:484)
at org.openqa.selenium.remote.codec.w3c.W3CHttpResponseCodec.createException(W3CHttpResponseCodec.java:200)
at org.openqa.selenium.remote.codec.w3c.W3CHttpResponseCodec.decode(W3CHttpResponseCodec.java:133)
at org.openqa.selenium.remote.codec.w3c.W3CHttpResponseCodec.decode(W3CHttpResponseCodec.java:53)
at org.openqa.selenium.remote.HttpCommandExecutor.execute(HttpCommandExecutor.java:184)
at org.openqa.selenium.remote.service.DriverCommandExecutor.invokeExecute(DriverCommandExecutor.java:167)
at org.openqa.selenium.remote.service.DriverCommandExecutor.execute(DriverCommandExecutor.java:142)
at org.openqa.selenium.remote.RemoteWebDriver.execute(RemoteWebDriver.java:547)
at org.openqa.selenium.remote.RemoteWebDriver.get(RemoteWebDriver.java:310)
at com.numpy.PageObjects.HomePage.<init>(HomePage.java:14)
at com.numpy.StepDefinitions.SD05_DataStructures_Intro.the_user_is_on_signin_page_of_ds_algo_portal(SD05_DataStructures_Intro.java:36)
at ?.The user is on Signin page of DS Algo portal(file:///C:/Users/Nithya/eclipse-workspace/DS_Algo_Cucumber/src/test/resources/com/numpy/Runner/UC07_Tree.feature:5)
]]>
            </full-stacktrace>
          </exception> <!-- org.openqa.selenium.NoSuchSessionException -->
          <reporter-output>
          </reporter-output>
        </test-method> <!-- runScenario -->
        <test-method signature="runScenario(io.cucumber.testng.PickleWrapper,io.cucumber.testng.FeatureWrapper)[pri:0, instance:com.numpy.Runner.StepDefinitionRunner@7ac296f6]" started-at="2023-03-17T10:09:34 EDT" name="runScenario" description="Runs Cucumber Scenarios" data-provider="scenarios" finished-at="2023-03-17T10:09:34 EDT" duration-ms="15" status="FAIL">
          <params>
            <param index="0">
              <value>
                <![CDATA["The user is able to navigate "Implementation Of BST" links in Tree page"]]>
              </value>
            </param>
            <param index="1">
              <value>
                <![CDATA["User launch dsalgo application and test Tree page"]]>
              </value>
            </param>
          </params>
          <exception class="org.openqa.selenium.NoSuchSessionException">
            <message>
              <![CDATA[invalid session id
Build info: version: '4.5.0', revision: 'fe167b119a'
System info: os.name: 'Windows 10', os.arch: 'amd64', os.version: '10.0', java.version: '19.0.2'
Driver info: org.openqa.selenium.chrome.ChromeDriver
Command: [eb312ccda24989d7e7df544be41ca346, get {url=https://dsportalapp.herokuapp.com/home}]
Capabilities {acceptInsecureCerts: false, browserName: chrome, browserVersion: 111.0.5563.65, chrome: {chromedriverVersion: 111.0.5563.64 (c710e93d5b63..., userDataDir: C:\Users\Nithya\AppData\Loc...}, goog:chromeOptions: {debuggerAddress: localhost:60408}, networkConnectionEnabled: false, pageLoadStrategy: normal, platformName: WINDOWS, proxy: Proxy(), se:cdp: ws://localhost:60408/devtoo..., se:cdpVersion: 111.0.5563.65, setWindowRect: true, strictFileInteractability: false, timeouts: {implicit: 0, pageLoad: 300000, script: 30000}, unhandledPromptBehavior: dismiss and notify, webauthn:extension:credBlob: true, webauthn:extension:largeBlob: true, webauthn:extension:minPinLength: true, webauthn:extension:prf: true, webauthn:virtualAuthenticators: true}
Session ID: eb312ccda24989d7e7df544be41ca346]]>
            </message>
            <full-stacktrace>
              <![CDATA[org.openqa.selenium.NoSuchSessionException: invalid session id
Build info: version: '4.5.0', revision: 'fe167b119a'
System info: os.name: 'Windows 10', os.arch: 'amd64', os.version: '10.0', java.version: '19.0.2'
Driver info: org.openqa.selenium.chrome.ChromeDriver
Command: [eb312ccda24989d7e7df544be41ca346, get {url=https://dsportalapp.herokuapp.com/home}]
Capabilities {acceptInsecureCerts: false, browserName: chrome, browserVersion: 111.0.5563.65, chrome: {chromedriverVersion: 111.0.5563.64 (c710e93d5b63..., userDataDir: C:\Users\Nithya\AppData\Loc...}, goog:chromeOptions: {debuggerAddress: localhost:60408}, networkConnectionEnabled: false, pageLoadStrategy: normal, platformName: WINDOWS, proxy: Proxy(), se:cdp: ws://localhost:60408/devtoo..., se:cdpVersion: 111.0.5563.65, setWindowRect: true, strictFileInteractability: false, timeouts: {implicit: 0, pageLoad: 300000, script: 30000}, unhandledPromptBehavior: dismiss and notify, webauthn:extension:credBlob: true, webauthn:extension:largeBlob: true, webauthn:extension:minPinLength: true, webauthn:extension:prf: true, webauthn:virtualAuthenticators: true}
Session ID: eb312ccda24989d7e7df544be41ca346
at java.base/jdk.internal.reflect.DirectConstructorHandleAccessor.newInstance(DirectConstructorHandleAccessor.java:67)
at java.base/java.lang.reflect.Constructor.newInstanceWithCaller(Constructor.java:500)
at java.base/java.lang.reflect.Constructor.newInstance(Constructor.java:484)
at org.openqa.selenium.remote.codec.w3c.W3CHttpResponseCodec.createException(W3CHttpResponseCodec.java:200)
at org.openqa.selenium.remote.codec.w3c.W3CHttpResponseCodec.decode(W3CHttpResponseCodec.java:133)
at org.openqa.selenium.remote.codec.w3c.W3CHttpResponseCodec.decode(W3CHttpResponseCodec.java:53)
at org.openqa.selenium.remote.HttpCommandExecutor.execute(HttpCommandExecutor.java:184)
at org.openqa.selenium.remote.service.DriverCommandExecutor.invokeExecute(DriverCommandExecutor.java:167)
at org.openqa.selenium.remote.service.DriverCommandExecutor.execute(DriverCommandExecutor.java:142)
at org.openqa.selenium.remote.RemoteWebDriver.execute(RemoteWebDriver.java:547)
at org.openqa.selenium.remote.RemoteWebDriver.get(RemoteWebDriver.java:310)
at com.numpy.PageObjects.HomePage.<init>(HomePage.java:14)
at com.numpy.StepDefinitions.SD05_DataStructures_Intro.the_user_is_on_signin_page_of_ds_algo_portal(SD05_DataStructures_Intro.java:36)
at ?.The user is on Signin page of DS Algo portal(file:///C:/Users/Nithya/eclipse-workspace/DS_Algo_Cucumber/src/test/resources/com/numpy/Runner/UC07_Tree.feature:5)
]]>
            </full-stacktrace>
          </exception> <!-- org.openqa.selenium.NoSuchSessionException -->
          <reporter-output>
          </reporter-output>
        </test-method> <!-- runScenario -->
        <test-method is-config="true" signature="tearDownClass()[pri:0, instance:com.numpy.Runner.StepDefinitionRunner@7ac296f6]" started-at="2023-03-17T10:09:34 EDT" name="tearDownClass" finished-at="2023-03-17T10:09:36 EDT" duration-ms="2256" status="FAIL">
          <exception class="org.openqa.selenium.NoSuchSessionException">
            <message>
              <![CDATA[invalid session id
Build info: version: '4.5.0', revision: 'fe167b119a'
System info: os.name: 'Windows 10', os.arch: 'amd64', os.version: '10.0', java.version: '19.0.2'
Driver info: org.openqa.selenium.chrome.ChromeDriver
Command: [eb312ccda24989d7e7df544be41ca346, close {}]
Capabilities {acceptInsecureCerts: false, browserName: chrome, browserVersion: 111.0.5563.65, chrome: {chromedriverVersion: 111.0.5563.64 (c710e93d5b63..., userDataDir: C:\Users\Nithya\AppData\Loc...}, goog:chromeOptions: {debuggerAddress: localhost:60408}, networkConnectionEnabled: false, pageLoadStrategy: normal, platformName: WINDOWS, proxy: Proxy(), se:cdp: ws://localhost:60408/devtoo..., se:cdpVersion: 111.0.5563.65, setWindowRect: true, strictFileInteractability: false, timeouts: {implicit: 0, pageLoad: 300000, script: 30000}, unhandledPromptBehavior: dismiss and notify, webauthn:extension:credBlob: true, webauthn:extension:largeBlob: true, webauthn:extension:minPinLength: true, webauthn:extension:prf: true, webauthn:virtualAuthenticators: true}
Session ID: eb312ccda24989d7e7df544be41ca346]]>
            </message>
            <full-stacktrace>
              <![CDATA[org.openqa.selenium.NoSuchSessionException: invalid session id
Build info: version: '4.5.0', revision: 'fe167b119a'
System info: os.name: 'Windows 10', os.arch: 'amd64', os.version: '10.0', java.version: '19.0.2'
Driver info: org.openqa.selenium.chrome.ChromeDriver
Command: [eb312ccda24989d7e7df544be41ca346, close {}]
Capabilities {acceptInsecureCerts: false, browserName: chrome, browserVersion: 111.0.5563.65, chrome: {chromedriverVersion: 111.0.5563.64 (c710e93d5b63..., userDataDir: C:\Users\Nithya\AppData\Loc...}, goog:chromeOptions: {debuggerAddress: localhost:60408}, networkConnectionEnabled: false, pageLoadStrategy: normal, platformName: WINDOWS, proxy: Proxy(), se:cdp: ws://localhost:60408/devtoo..., se:cdpVersion: 111.0.5563.65, setWindowRect: true, strictFileInteractability: false, timeouts: {implicit: 0, pageLoad: 300000, script: 30000}, unhandledPromptBehavior: dismiss and notify, webauthn:extension:credBlob: true, webauthn:extension:largeBlob: true, webauthn:extension:minPinLength: true, webauthn:extension:prf: true, webauthn:virtualAuthenticators: true}
Session ID: eb312ccda24989d7e7df544be41ca346
at java.base/jdk.internal.reflect.DirectConstructorHandleAccessor.newInstance(DirectConstructorHandleAccessor.java:67)
at java.base/java.lang.reflect.Constructor.newInstanceWithCaller(Constructor.java:500)
at java.base/java.lang.reflect.Constructor.newInstance(Constructor.java:484)
at org.openqa.selenium.remote.codec.w3c.W3CHttpResponseCodec.createException(W3CHttpResponseCodec.java:200)
at org.openqa.selenium.remote.codec.w3c.W3CHttpResponseCodec.decode(W3CHttpResponseCodec.java:133)
at org.openqa.selenium.remote.codec.w3c.W3CHttpResponseCodec.decode(W3CHttpResponseCodec.java:53)
at org.openqa.selenium.remote.HttpCommandExecutor.execute(HttpCommandExecutor.java:184)
at org.openqa.selenium.remote.service.DriverCommandExecutor.invokeExecute(DriverCommandExecutor.java:167)
at org.openqa.selenium.remote.service.DriverCommandExecutor.execute(DriverCommandExecutor.java:142)
at org.openqa.selenium.remote.RemoteWebDriver.execute(RemoteWebDriver.java:547)
at org.openqa.selenium.remote.RemoteWebDriver.execute(RemoteWebDriver.java:602)
at org.openqa.selenium.remote.RemoteWebDriver.execute(RemoteWebDriver.java:606)
at org.openqa.selenium.remote.RemoteWebDriver.close(RemoteWebDriver.java:432)
at com.numpy.utils.DriverManager.close(DriverManager.java:69)
at com.numpy.StepDefinitions.SD01_GetStarted.tearDown(SD01_GetStarted.java:55)
]]>
            </full-stacktrace>
          </exception> <!-- org.openqa.selenium.NoSuchSessionException -->
          <reporter-output>
          </reporter-output>
        </test-method> <!-- tearDownClass -->
      </class> <!-- com.numpy.Runner.StepDefinitionRunner -->
    </test> <!-- Edge Test -->
  </suite> <!-- Suite1 -->
</testng-results>
