<?xml version="1.0" encoding="UTF-8"?>
<!-- Generated by org.testng.reporters.JUnitXMLReporter -->
<testsuite ignored="5" hostname="LAPTOP-PEBMGRD4" failures="0" tests="1" name="Default test" time="3.194" errors="0" timestamp="2023-03-15T00:41:40 EDT">
  <testcase classname="com.numpy.TestCases.TC_Graph_013" name="checkGraph" time="1.227"/>
  <testcase classname="com.numpy.TestCases.TC_Graph_013" name="checkGraphRepresentations" time="0.0">
    <ignored/>
  </testcase> <!-- checkGraphRepresentations -->
  <testcase classname="com.numpy.TestCases.TC_Graph_013" name="clickTryHereGraphRepresentations" time="0.0">
    <ignored/>
  </testcase> <!-- clickTryHereGraphRepresentations -->
  <testcase classname="com.numpy.TestCases.TC_Graph_013" name="clickTryHereRunGraphRepresentations" time="0.0">
    <ignored/>
  </testcase> <!-- clickTryHereRunGraphRepresentations -->
  <testcase classname="com.numpy.TestCases.TC_Graph_013" name="clickTryHereRunGraph" time="0.0">
    <ignored/>
  </testcase> <!-- clickTryHereRunGraph -->
  <testcase classname="com.numpy.TestCases.TC_Graph_013" name="clickTryHereGraph" time="0.0">
    <ignored/>
  </testcase> <!-- clickTryHereGraph -->
</testsuite> <!-- Default test -->
